2024-11-13 15:54:22,636 - INFO - Config file not found. Creating new configuration with no schedules.
2024-11-13 15:54:22,640 - INFO - .
2024-11-13 15:54:22,640 - INFO - /home/daluser/synchronization-scripts/synchronization-app/contacts-app/contacts_to_app_API.py
2024-11-13 15:54:22,640 - INFO - /home/daluser/synchronization-scripts/synchronization-app/contacts-app/contacts_to_app_API.py vs tar -zcf /var/backups/home.tgz /home/
2024-11-13 15:54:22,640 - INFO - /home/daluser/synchronization-scripts/synchronization-app/contacts-app/contacts_to_app_API.py vs /usr/bin/python3 /home/daluser/synchronization-scripts/contacts-portal-obcana/contacts_to_portal_obcana_API.py
2024-11-13 15:54:22,640 - INFO - /home/daluser/synchronization-scripts/synchronization-app/contacts-app/contacts_to_app_API.py vs /usr/bin/python3 /home/daluser/synchronization-scripts/contacts-app/contacts_to_app_API.py
2024-11-13 15:54:22,640 - INFO - Setting no schedule for contacts_to_app_API.py
2024-11-13 15:54:22,640 - INFO - .
2024-11-13 15:54:22,640 - INFO - /home/daluser/synchronization-scripts/synchronization-app/contacts-portal-obcana/contacts_to_portal_obcana_API.py
2024-11-13 15:54:22,640 - INFO - /home/daluser/synchronization-scripts/synchronization-app/contacts-portal-obcana/contacts_to_portal_obcana_API.py vs tar -zcf /var/backups/home.tgz /home/
2024-11-13 15:54:22,640 - INFO - /home/daluser/synchronization-scripts/synchronization-app/contacts-portal-obcana/contacts_to_portal_obcana_API.py vs /usr/bin/python3 /home/daluser/synchronization-scripts/contacts-portal-obcana/contacts_to_portal_obcana_API.py
2024-11-13 15:54:22,640 - INFO - /home/daluser/synchronization-scripts/synchronization-app/contacts-portal-obcana/contacts_to_portal_obcana_API.py vs /usr/bin/python3 /home/daluser/synchronization-scripts/contacts-app/contacts_to_app_API.py
2024-11-13 15:54:22,641 - INFO - Setting no schedule for contacts_to_portal_obcana_API.py
2024-11-13 15:54:22,641 - INFO - .
2024-11-13 15:54:22,641 - INFO - /home/daluser/synchronization-scripts/synchronization-app/zpravodaj-app/newspapers_to_app_API.py
2024-11-13 15:54:22,641 - INFO - /home/daluser/synchronization-scripts/synchronization-app/zpravodaj-app/newspapers_to_app_API.py vs tar -zcf /var/backups/home.tgz /home/
2024-11-13 15:54:22,641 - INFO - /home/daluser/synchronization-scripts/synchronization-app/zpravodaj-app/newspapers_to_app_API.py vs /usr/bin/python3 /home/daluser/synchronization-scripts/contacts-portal-obcana/contacts_to_portal_obcana_API.py
2024-11-13 15:54:22,641 - INFO - /home/daluser/synchronization-scripts/synchronization-app/zpravodaj-app/newspapers_to_app_API.py vs /usr/bin/python3 /home/daluser/synchronization-scripts/contacts-app/contacts_to_app_API.py
2024-11-13 15:54:22,641 - INFO - Setting no schedule for newspapers_to_app_API.py
2024-11-13 15:54:22,641 - INFO - .
2024-11-13 15:54:22,641 - INFO - /home/daluser/synchronization-scripts/synchronization-app/documents-portal-obcana/documents_to_portal_obcana_API.py
2024-11-13 15:54:22,641 - INFO - /home/daluser/synchronization-scripts/synchronization-app/documents-portal-obcana/documents_to_portal_obcana_API.py vs tar -zcf /var/backups/home.tgz /home/
2024-11-13 15:54:22,641 - INFO - /home/daluser/synchronization-scripts/synchronization-app/documents-portal-obcana/documents_to_portal_obcana_API.py vs /usr/bin/python3 /home/daluser/synchronization-scripts/contacts-portal-obcana/contacts_to_portal_obcana_API.py
2024-11-13 15:54:22,641 - INFO - /home/daluser/synchronization-scripts/synchronization-app/documents-portal-obcana/documents_to_portal_obcana_API.py vs /usr/bin/python3 /home/daluser/synchronization-scripts/contacts-app/contacts_to_app_API.py
2024-11-13 15:54:22,641 - INFO - Setting no schedule for documents_to_portal_obcana_API.py
2024-11-13 15:54:22,648 - INFO - Created new config file with no schedules and cleared existing cron jobs
2024-11-13 15:56:12,984 - INFO - Config file not found. Creating new configuration with no schedules.
2024-11-13 15:56:12,989 - INFO - .
2024-11-13 15:56:12,990 - INFO - /home/daluser/synchronization-scripts/synchronization-app/contacts-app/contacts_to_app_API.py
2024-11-13 15:56:12,990 - INFO - /home/daluser/synchronization-scripts/synchronization-app/contacts-app/contacts_to_app_API.py vs tar -zcf /var/backups/home.tgz /home/
2024-11-13 15:56:12,990 - INFO - /home/daluser/synchronization-scripts/synchronization-app/contacts-app/contacts_to_app_API.py vs /usr/bin/python3 /home/daluser/synchronization-scripts/contacts-portal-obcana/contacts_to_portal_obcana_API.py
2024-11-13 15:56:12,990 - INFO - /home/daluser/synchronization-scripts/synchronization-app/contacts-app/contacts_to_app_API.py vs /usr/bin/python3 /home/daluser/synchronization-scripts/contacts-app/contacts_to_app_API.py
2024-11-13 15:56:12,991 - INFO - Setting no schedule for contacts_to_app_API.py
2024-11-13 15:56:12,991 - INFO - .
2024-11-13 15:56:12,992 - INFO - /home/daluser/synchronization-scripts/synchronization-app/contacts-portal-obcana/contacts_to_portal_obcana_API.py
2024-11-13 15:56:12,992 - INFO - /home/daluser/synchronization-scripts/synchronization-app/contacts-portal-obcana/contacts_to_portal_obcana_API.py vs tar -zcf /var/backups/home.tgz /home/
2024-11-13 15:56:12,992 - INFO - /home/daluser/synchronization-scripts/synchronization-app/contacts-portal-obcana/contacts_to_portal_obcana_API.py vs /usr/bin/python3 /home/daluser/synchronization-scripts/contacts-portal-obcana/contacts_to_portal_obcana_API.py
2024-11-13 15:56:12,992 - INFO - /home/daluser/synchronization-scripts/synchronization-app/contacts-portal-obcana/contacts_to_portal_obcana_API.py vs /usr/bin/python3 /home/daluser/synchronization-scripts/contacts-app/contacts_to_app_API.py
2024-11-13 15:56:12,992 - INFO - Setting no schedule for contacts_to_portal_obcana_API.py
2024-11-13 15:56:12,993 - INFO - .
2024-11-13 15:56:12,993 - INFO - /home/daluser/synchronization-scripts/synchronization-app/zpravodaj-app/newspapers_to_app_API.py
2024-11-13 15:56:12,993 - INFO - /home/daluser/synchronization-scripts/synchronization-app/zpravodaj-app/newspapers_to_app_API.py vs tar -zcf /var/backups/home.tgz /home/
2024-11-13 15:56:12,993 - INFO - /home/daluser/synchronization-scripts/synchronization-app/zpravodaj-app/newspapers_to_app_API.py vs /usr/bin/python3 /home/daluser/synchronization-scripts/contacts-portal-obcana/contacts_to_portal_obcana_API.py
2024-11-13 15:56:12,993 - INFO - /home/daluser/synchronization-scripts/synchronization-app/zpravodaj-app/newspapers_to_app_API.py vs /usr/bin/python3 /home/daluser/synchronization-scripts/contacts-app/contacts_to_app_API.py
2024-11-13 15:56:12,993 - INFO - Setting no schedule for newspapers_to_app_API.py
2024-11-13 15:56:12,993 - INFO - .
2024-11-13 15:56:12,993 - INFO - /home/daluser/synchronization-scripts/synchronization-app/documents-portal-obcana/documents_to_portal_obcana_API.py
2024-11-13 15:56:12,993 - INFO - /home/daluser/synchronization-scripts/synchronization-app/documents-portal-obcana/documents_to_portal_obcana_API.py vs tar -zcf /var/backups/home.tgz /home/
2024-11-13 15:56:12,994 - INFO - /home/daluser/synchronization-scripts/synchronization-app/documents-portal-obcana/documents_to_portal_obcana_API.py vs /usr/bin/python3 /home/daluser/synchronization-scripts/contacts-portal-obcana/contacts_to_portal_obcana_API.py
2024-11-13 15:56:12,994 - INFO - /home/daluser/synchronization-scripts/synchronization-app/documents-portal-obcana/documents_to_portal_obcana_API.py vs /usr/bin/python3 /home/daluser/synchronization-scripts/contacts-app/contacts_to_app_API.py
2024-11-13 15:56:12,994 - INFO - Setting no schedule for documents_to_portal_obcana_API.py
2024-11-13 15:56:13,000 - INFO - Created new config file with no schedules and cleared existing cron jobs
2024-11-13 15:59:03,430 - INFO - Config file not found. Creating new configuration with no schedules.
2024-11-13 15:59:03,433 - INFO - .
2024-11-13 15:59:03,433 - ERROR - Error while creating initial config: 'str' object has no attribute 'parent'
2024-11-13 16:06:01,187 - INFO - Config file not found. Creating new configuration with no schedules.
2024-11-13 16:06:01,190 - INFO - Checking for cron jobs with path: /home/daluser/synchronization-scripts/synchronization-app/contacts-app/contacts_to_app_API.py
2024-11-13 16:06:01,190 - INFO - Setting no schedule for contacts_to_app_API.py
2024-11-13 16:06:01,190 - INFO - Checking for cron jobs with path: /home/daluser/synchronization-scripts/synchronization-app/contacts-portal-obcana/contacts_to_portal_obcana_API.py
2024-11-13 16:06:01,191 - INFO - Setting no schedule for contacts_to_portal_obcana_API.py
2024-11-13 16:06:01,191 - INFO - Checking for cron jobs with path: /home/daluser/synchronization-scripts/synchronization-app/zpravodaj-app/newspapers_to_app_API.py
2024-11-13 16:06:01,191 - INFO - Setting no schedule for newspapers_to_app_API.py
2024-11-13 16:06:01,191 - INFO - Checking for cron jobs with path: /home/daluser/synchronization-scripts/synchronization-app/documents-portal-obcana/documents_to_portal_obcana_API.py
2024-11-13 16:06:01,191 - INFO - Setting no schedule for documents_to_portal_obcana_API.py
2024-11-13 16:06:01,197 - INFO - Created new config file with no schedules and cleared existing cron jobs
2024-11-13 16:10:26,686 - INFO - Config file not found. Creating new configuration with no schedules.
2024-11-13 16:10:26,690 - INFO - Checking for cron jobs with path: /home/daluser/synchronization-scripts/synchronization-app/contacts-app/contacts_to_app_API.py
2024-11-13 16:10:26,690 - INFO - Setting no schedule for contacts_to_app_API.py
2024-11-13 16:10:26,690 - INFO - Checking for cron jobs with path: /home/daluser/synchronization-scripts/synchronization-app/contacts-portal-obcana/contacts_to_portal_obcana_API.py
2024-11-13 16:10:26,690 - INFO - Setting no schedule for contacts_to_portal_obcana_API.py
2024-11-13 16:10:26,690 - INFO - Checking for cron jobs with path: /home/daluser/synchronization-scripts/synchronization-app/zpravodaj-app/newspapers_to_app_API.py
2024-11-13 16:10:26,690 - INFO - Setting no schedule for newspapers_to_app_API.py
2024-11-13 16:10:26,690 - INFO - Checking for cron jobs with path: /home/daluser/synchronization-scripts/synchronization-app/documents-portal-obcana/documents_to_portal_obcana_API.py
2024-11-13 16:10:26,690 - INFO - Setting no schedule for documents_to_portal_obcana_API.py
2024-11-13 16:10:26,697 - INFO - Created new config file with no schedules and cleared existing cron jobs
2024-11-13 16:13:34,607 - INFO - Config file not found. Creating new configuration with no schedules.
2024-11-13 16:13:34,611 - INFO - Checking for cron jobs with path: /home/daluser/synchronization-scripts/synchronization-app/contacts-app/contacts_to_app_API.py
2024-11-13 16:13:34,611 - INFO - Setting no schedule for contacts_to_app_API.py
2024-11-13 16:13:34,611 - INFO - Checking for cron jobs with path: /home/daluser/synchronization-scripts/synchronization-app/contacts-portal-obcana/contacts_to_portal_obcana_API.py
2024-11-13 16:13:34,611 - INFO - Setting no schedule for contacts_to_portal_obcana_API.py
2024-11-13 16:13:34,611 - INFO - Checking for cron jobs with path: /home/daluser/synchronization-scripts/synchronization-app/zpravodaj-app/newspapers_to_app_API.py
2024-11-13 16:13:34,611 - INFO - Setting no schedule for newspapers_to_app_API.py
2024-11-13 16:13:34,611 - INFO - Checking for cron jobs with path: /home/daluser/synchronization-scripts/synchronization-app/documents-portal-obcana/documents_to_portal_obcana_API.py
2024-11-13 16:13:34,611 - INFO - Setting no schedule for documents_to_portal_obcana_API.py
2024-11-13 16:13:34,617 - INFO - Created new config file with no schedules and cleared existing cron jobs
2024-11-13 16:17:11,858 - INFO - Scripts folder set to: .
2024-11-13 16:17:11,992 - INFO - Scripts folder set to: /home/daluser/synchronization-scripts
2024-11-13 16:18:36,240 - INFO - Scripts folder set to: .
2024-11-13 16:18:36,240 - INFO - Config file not found. Creating new configuration with no schedules.
2024-11-13 16:18:36,244 - INFO - Checking for cron jobs with path: /home/daluser/synchronization-scripts/contacts-app/contacts_to_app_API.py
2024-11-13 16:18:36,244 - INFO - Found matching job: /usr/bin/python3 /home/daluser/synchronization-scripts/contacts-app/contacts_to_app_API.py
2024-11-13 16:18:36,244 - INFO - Removed existing cron job for contacts_to_app_API.py
2024-11-13 16:18:36,244 - INFO - Setting no schedule for contacts_to_app_API.py
2024-11-13 16:18:36,244 - INFO - Checking for cron jobs with path: /home/daluser/synchronization-scripts/contacts-portal-obcana/contacts_to_portal_obcana_API.py
2024-11-13 16:18:36,244 - INFO - Found matching job: /usr/bin/python3 /home/daluser/synchronization-scripts/contacts-portal-obcana/contacts_to_portal_obcana_API.py
2024-11-13 16:18:36,244 - INFO - Removed existing cron job for contacts_to_portal_obcana_API.py
2024-11-13 16:18:36,244 - INFO - Setting no schedule for contacts_to_portal_obcana_API.py
2024-11-13 16:18:36,244 - INFO - Checking for cron jobs with path: /home/daluser/synchronization-scripts/zpravodaj-app/newspapers_to_app_API.py
2024-11-13 16:18:36,244 - INFO - Setting no schedule for newspapers_to_app_API.py
2024-11-13 16:18:36,244 - INFO - Checking for cron jobs with path: /home/daluser/synchronization-scripts/documents-portal-obcana/documents_to_portal_obcana_API.py
2024-11-13 16:18:36,245 - INFO - Setting no schedule for documents_to_portal_obcana_API.py
2024-11-13 16:18:36,251 - INFO - Created new config file with no schedules and cleared existing cron jobs
2024-11-13 16:18:36,387 - INFO - Scripts folder set to: /home/daluser/synchronization-scripts
2024-11-13 16:22:56,087 - INFO - Scripts folder set to: /home/daluser/synchronization-scripts
2024-11-13 16:23:19,303 - INFO - Scripts folder set to: /home/daluser/synchronization-scripts
2024-11-13 16:23:49,819 - INFO - Scripts folder set to: /home/daluser/synchronization-scripts
2024-11-13 16:23:57,372 - INFO - Scripts folder set to: /home/daluser/synchronization-scripts
2024-11-13 16:31:50,524 - INFO - Scripts folder set to: /home/daluser/synchronization-scripts
2024-11-13 16:32:32,744 - INFO - Scripts folder set to: /home/daluser/synchronization-scripts
2024-11-13 16:34:16,223 - INFO - Scripts folder set to: /home/daluser/synchronization-scripts
2024-11-13 16:38:02,318 - INFO - Scripts folder set to: /home/daluser/synchronization-scripts
2024-11-13 16:41:14,800 - INFO - Scripts folder set to: /home/daluser/synchronization-scripts
2024-11-13 16:53:36,529 - INFO - Scripts folder set to: .
2024-11-13 16:53:36,711 - INFO - Scripts folder set to: /home/daluser/synchronization-scripts
2024-11-13 16:58:55,399 - INFO - Scripts folder set to: /home/daluser/synchronization-scripts
2024-11-13 17:00:37,096 - INFO - Scripts folder set to: /home/daluser/synchronization-scripts
2024-11-13 17:01:40,142 - INFO - Scripts folder set to: /home/daluser/synchronization-scripts
2024-11-13 18:24:04,332 - INFO - Scripts folder set to: /home/daluser/synchronization-scripts
2024-11-13 18:26:19,362 - INFO - Scripts folder set to: /home/daluser/synchronization-scripts
2024-11-13 18:26:48,972 - INFO - Scripts folder set to: /home/daluser/synchronization-scripts
2024-11-13 18:43:12,008 - ERROR - Failed to save config: asdsad
2024-11-13 19:01:48,698 - ERROR - Missing documents_to_portal_obcana_API.py in documents-portal-obcana.
2024-11-13 19:16:46,219 - INFO - Validating folders and scripts.
2024-11-13 19:24:01,209 - INFO - Validating folders and scripts.
2024-11-13 19:24:01,209 - ERROR - Missing documents_to_portal_obcana_API.py in documents-portal-obcana.
2024-11-13 19:24:01,226 - INFO - Validating folders and scripts.
2024-11-13 19:24:01,227 - ERROR - Missing documents_to_portal_obcana_API.py in documents-portal-obcana.
2024-11-13 19:24:34,085 - INFO - Validating folders and scripts.
2024-11-13 19:24:34,085 - ERROR - Missing contacts_to_portal_obcana_API.py in contacts-portal-obcana.
2024-11-13 19:24:34,099 - INFO - Validating folders and scripts.
2024-11-13 19:24:34,099 - ERROR - Missing contacts_to_portal_obcana_API.py in contacts-portal-obcana.
2024-11-13 19:50:02,954 - ERROR - Suck
2024-11-13 19:53:11,569 - ERROR - Suck
2024-11-13 20:28:14,846 - ERROR - Unknown error durning the run of contacts_to_portal_obcana_API.py
2024-11-13 23:38:40,983 - INFO - Config file not found. Creating new configuration with no schedules
2024-11-13 23:38:40,987 - INFO - Checking for cron jobs with path: /home/daluser/synchronization-scripts/contacts-app/contacts_to_app_API.py
2024-11-13 23:38:40,987 - INFO - Found matching job: /usr/bin/python3 /home/daluser/synchronization-scripts/contacts-app/contacts_to_app_API.py
2024-11-13 23:38:40,987 - INFO - Removed existing cron job for contacts_to_app_API.py
2024-11-13 23:38:40,988 - INFO - Setting no schedule for contacts_to_app_API.py
2024-11-13 23:38:40,988 - INFO - Checking for cron jobs with path: /home/daluser/synchronization-scripts/contacts-portal-obcana/contacts_to_portal_obcana_API.py
2024-11-13 23:38:40,988 - INFO - Setting no schedule for contacts_to_portal_obcana_API.py
2024-11-13 23:38:40,988 - INFO - Checking for cron jobs with path: /home/daluser/synchronization-scripts/zpravodaj-app/newspapers_to_app_API.py
2024-11-13 23:38:40,988 - INFO - Found matching job: python3 /home/daluser/synchronization-scripts/zpravodaj-app/newspapers_to_app_API.py
2024-11-13 23:38:40,988 - INFO - Removed existing cron job for newspapers_to_app_API.py
2024-11-13 23:38:40,988 - INFO - Setting no schedule for newspapers_to_app_API.py
2024-11-13 23:38:40,988 - INFO - Checking for cron jobs with path: /home/daluser/synchronization-scripts/documents-portal-obcana/documents_to_portal_obcana_API.py
2024-11-13 23:38:40,988 - INFO - Setting no schedule for documents_to_portal_obcana_API.py
2024-11-13 23:38:40,995 - INFO - Created new config file with no schedules and cleared existing cron jobs
2024-11-13 23:53:59,415 - ERROR - Missing documents_to_portal_obcana_API.py in documents-portal-obcana
2024-11-13 23:53:59,431 - ERROR - Missing documents_to_portal_obcana_API.py in documents-portal-obcana
2024-11-13 23:55:01,533 - ERROR - Script with name documents_to_portal_obcana_API.py couldn't be found
2024-11-13 23:55:08,682 - ERROR - Missing documents_to_portal_obcana_API.py in documents-portal-obcana
2024-11-13 23:55:08,696 - ERROR - Missing documents_to_portal_obcana_API.py in documents-portal-obcana
