2024-11-03 12:54:37,048 - INFO - Starting contact data update process
2024-11-03 12:54:37,048 - INFO - Checking if required database tables exist
2024-11-03 12:54:37,100 - INFO - All required database tables exist
2024-11-03 12:54:37,101 - INFO - Fetching contact data from https://www.orechovubrna.cz/api/kontakt/
2024-11-03 12:54:39,961 - INFO - Successfully parsed all contact data
2024-11-03 12:54:39,961 - INFO - Found 3 office hours and 10 employees
2024-11-03 12:54:39,962 - INFO - Starting database update
2024-11-03 12:54:39,993 - INFO - Successfully updated contacts
2024-11-03 12:54:39,993 - INFO - Updated or added 3 office hours and 10 employees
2024-11-03 12:54:39,993 - INFO - Contact data update completed successfully
2024-11-05 20:52:30,897 - INFO - Starting contact data update process
2024-11-05 20:52:30,897 - INFO - Checking if required database tables exist
2024-11-05 20:52:30,957 - INFO - All required database tables exist
2024-11-05 20:52:30,958 - INFO - Fetching contact data from https://www.orechovubrna.cz/api/kontakt/
2024-11-05 20:52:32,965 - INFO - Successfully parsed all contact data
2024-11-05 20:52:32,965 - INFO - Found 3 office hours and 10 employees
2024-11-05 20:52:32,965 - INFO - Starting database update
2024-11-05 20:52:33,000 - INFO - Successfully updated contacts
2024-11-05 20:52:33,000 - INFO - Updated or added 3 office hours and 10 employees
2024-11-05 20:52:33,001 - INFO - Contact data update completed successfully
2024-11-05 20:59:19,194 - INFO - Starting contact data update process
2024-11-05 20:59:19,195 - INFO - Checking if required database tables exist
2024-11-05 20:59:19,238 - INFO - All required database tables exist
2024-11-05 20:59:19,239 - INFO - Fetching contact data from https://www.orechovubrna.cz/api/kontakt/
2024-11-05 20:59:21,239 - INFO - Successfully parsed all contact data
2024-11-05 20:59:21,239 - INFO - Found 3 office hours and 10 employees
2024-11-05 20:59:21,239 - INFO - Starting database update
2024-11-05 20:59:21,271 - INFO - Successfully updated contacts
2024-11-05 20:59:21,272 - INFO - Updated or added 3 office hours and 10 employees
2024-11-05 20:59:21,272 - INFO - Contact data update completed successfully
2024-11-06 00:44:12,957 - INFO - Starting contact data update process
2024-11-06 00:44:12,957 - INFO - Checking if required database tables exist
2024-11-06 00:44:13,002 - INFO - All required database tables exist
2024-11-06 00:44:13,003 - INFO - Fetching contact data from https://www.orechovubrna.cz/api/kontakt/
2024-11-06 00:44:15,018 - INFO - Successfully parsed all contact data
2024-11-06 00:44:15,019 - INFO - Found 3 office hours and 10 employees
2024-11-06 00:44:15,019 - INFO - Starting database update
2024-11-06 00:44:15,062 - INFO - Successfully updated contacts
2024-11-06 00:44:15,062 - INFO - Updated or added 3 office hours and 10 employees
2024-11-06 00:44:15,062 - INFO - Contact data update completed successfully
