2024-11-09 03:26:19,521 - INFO - Starting contact update process for contact_item/doctors
2024-11-09 03:26:21,267 - INFO - New contact added: Gynekologie
2024-11-09 03:26:21,267 - INFO - Changes summary:
2024-11-09 03:26:21,267 - INFO - Added contacts: ["Gynekologie"]
2024-11-09 03:26:21,312 - INFO - Successfully updated contacts at 2024-11-09T03:26:21.312859
2024-11-09 03:28:04,007 - INFO - Starting contact update process for contact_item/doctors
2024-11-09 03:28:05,949 - INFO - No changes detected in contacts
2024-11-09 03:29:41,165 - INFO - Starting contact update process for contact_item/doctors
2024-11-09 03:29:43,012 - INFO - No changes detected in contacts
2024-11-09 03:30:26,910 - INFO - Starting contact update process for contact_item/doctors
2024-11-09 03:30:28,802 - INFO - No changes detected in contacts
2024-11-12 12:55:46,062 - INFO - Starting contact update process for contact_item/doctors
2024-11-12 12:55:47,958 - INFO - No changes detected in contacts
2024-11-12 12:55:51,284 - INFO - Starting contact update process for contact_item/doctors
2024-11-12 12:55:53,019 - INFO - No changes detected in contacts
2024-11-12 12:56:43,071 - INFO - Starting contact update process for contact_item/doctors
2024-11-12 12:56:45,974 - INFO - No changes detected in contacts
2024-11-12 21:08:56,118 - INFO - Starting contact update process for contact_item/doctors
2024-11-12 21:08:58,259 - INFO - No changes detected in contacts
2024-11-12 21:38:49,517 - INFO - Starting contact update process for contact_item/doctors
2024-11-12 21:38:51,233 - INFO - No changes detected in contacts
2024-11-12 23:23:27,448 - INFO - Starting contact update process for contact_item/doctors
2024-11-12 23:23:29,044 - INFO - No changes detected in contacts
2024-11-13 03:08:34,180 - INFO - Starting contact update process for contact_item/doctors
2024-11-13 03:08:35,976 - INFO - No changes detected in contacts
2024-11-13 03:46:16,711 - INFO - Starting contact update process for contact_item/doctors
2024-11-13 03:46:18,582 - INFO - No changes detected in contacts
2024-11-13 13:45:49,247 - INFO - Starting contact update process for contact_item/doctors
2024-11-13 13:45:50,878 - INFO - No changes detected in contacts
2024-11-13 15:00:13,700 - INFO - Starting contact update process for contact_item/doctors
2024-11-13 15:00:15,422 - INFO - No changes detected in contacts
2024-11-13 16:17:39,047 - INFO - Starting contact update process for contact_item/doctors
2024-11-13 16:17:41,018 - INFO - No changes detected in contacts
2024-11-13 16:21:25,717 - INFO - Starting contact update process for contact_item/doctors
2024-11-13 16:21:27,340 - INFO - No changes detected in contacts
2024-11-13 16:21:55,517 - INFO - Starting contact update process for contact_item/doctors
2024-11-13 16:21:57,389 - INFO - No changes detected in contacts
2024-11-13 16:29:24,941 - INFO - Starting contact update process for contact_item/doctors
2024-11-13 16:29:26,523 - INFO - No changes detected in contacts
2024-11-13 17:01:07,059 - INFO - Starting contact update process for contact_item/doctors
2024-11-13 17:01:08,634 - INFO - No changes detected in contacts
2024-11-13 18:21:54,266 - INFO - Starting contact update process for contact_item/doctors
2024-11-13 18:21:56,063 - INFO - No changes detected in contacts
2024-11-13 18:43:37,092 - INFO - Starting contact update process for contact_item/doctors
2024-11-13 18:43:39,604 - INFO - No changes detected in contacts
2024-11-13 23:59:56,149 - INFO - Starting contact update process for contact_item/doctors
2024-11-13 23:59:57,759 - INFO - No changes detected in contacts
