2024-11-09 03:26:17,635 - INFO - Starting contact update process for contact_item/library
2024-11-09 03:26:19,520 - INFO - No changes detected in contacts
2024-11-09 03:28:02,109 - INFO - Starting contact update process for contact_item/library
2024-11-09 03:28:04,007 - INFO - No changes detected in contacts
2024-11-09 03:29:39,197 - INFO - Starting contact update process for contact_item/library
2024-11-09 03:29:41,165 - INFO - No changes detected in contacts
2024-11-09 03:30:24,899 - INFO - Starting contact update process for contact_item/library
2024-11-09 03:30:26,910 - INFO - No changes detected in contacts
2024-11-12 12:55:43,803 - INFO - Starting contact update process for contact_item/library
2024-11-12 12:55:46,061 - INFO - No changes detected in contacts
2024-11-12 12:55:49,392 - INFO - Starting contact update process for contact_item/library
2024-11-12 12:55:51,283 - INFO - No changes detected in contacts
2024-11-12 12:56:40,539 - INFO - Starting contact update process for contact_item/library
2024-11-12 12:56:43,071 - INFO - No changes detected in contacts
2024-11-12 21:08:54,173 - INFO - Starting contact update process for contact_item/library
2024-11-12 21:08:56,117 - INFO - No changes detected in contacts
2024-11-12 21:38:47,812 - INFO - Starting contact update process for contact_item/library
2024-11-12 21:38:49,517 - INFO - No changes detected in contacts
2024-11-12 23:23:25,586 - INFO - Starting contact update process for contact_item/library
2024-11-12 23:23:27,448 - INFO - No changes detected in contacts
2024-11-13 03:08:32,340 - INFO - Starting contact update process for contact_item/library
2024-11-13 03:08:34,180 - INFO - No changes detected in contacts
2024-11-13 03:46:15,025 - INFO - Starting contact update process for contact_item/library
2024-11-13 03:46:16,710 - INFO - No changes detected in contacts
2024-11-13 13:45:47,339 - INFO - Starting contact update process for contact_item/library
2024-11-13 13:45:49,246 - INFO - No changes detected in contacts
2024-11-13 15:00:11,693 - INFO - Starting contact update process for contact_item/library
2024-11-13 15:00:13,700 - INFO - No changes detected in contacts
2024-11-13 16:17:37,169 - INFO - Starting contact update process for contact_item/library
2024-11-13 16:17:39,047 - INFO - No changes detected in contacts
2024-11-13 16:21:24,071 - INFO - Starting contact update process for contact_item/library
2024-11-13 16:21:25,717 - INFO - No changes detected in contacts
2024-11-13 16:21:53,789 - INFO - Starting contact update process for contact_item/library
2024-11-13 16:21:55,516 - INFO - No changes detected in contacts
2024-11-13 16:29:23,228 - INFO - Starting contact update process for contact_item/library
2024-11-13 16:29:24,941 - INFO - No changes detected in contacts
2024-11-13 17:01:05,402 - INFO - Starting contact update process for contact_item/library
2024-11-13 17:01:07,059 - INFO - No changes detected in contacts
2024-11-13 18:21:52,431 - INFO - Starting contact update process for contact_item/library
2024-11-13 18:21:54,265 - INFO - No changes detected in contacts
2024-11-13 18:43:35,034 - INFO - Starting contact update process for contact_item/library
2024-11-13 18:43:37,092 - INFO - No changes detected in contacts
2024-11-13 23:59:54,195 - INFO - Starting contact update process for contact_item/library
2024-11-13 23:59:56,149 - INFO - No changes detected in contacts
2024-11-19 02:10:16,597 - INFO - Starting contact update process for contact_item/library
2024-11-19 02:10:18,372 - ERROR - Failed to fetch existing contacts: ('invalid_grant: Invalid JWT Signature.', {'error': 'invalid_grant', 'error_description': 'Invalid JWT Signature.'})
2024-11-19 02:10:18,372 - ERROR - Error during contact update: Failed to fetch existing contacts: ('invalid_grant: Invalid JWT Signature.', {'error': 'invalid_grant', 'error_description': 'Invalid JWT Signature.'})
2024-11-19 02:15:06,728 - INFO - Starting contact update process for contact_item/library
2024-11-19 02:15:08,442 - ERROR - Failed to fetch existing contacts: ('invalid_grant: Invalid JWT Signature.', {'error': 'invalid_grant', 'error_description': 'Invalid JWT Signature.'})
2024-11-19 02:15:08,442 - ERROR - Error during contact update: Failed to fetch existing contacts: ('invalid_grant: Invalid JWT Signature.', {'error': 'invalid_grant', 'error_description': 'Invalid JWT Signature.'})
2024-11-19 02:22:09,912 - INFO - Starting contact update process for contact_item/library
2024-11-19 02:22:11,653 - INFO - No changes detected in contacts
2024-11-19 12:42:20,498 - INFO - Starting contact update process for contact_item/library
2024-11-19 12:42:23,158 - INFO - No changes detected in contacts
2024-11-24 11:56:42,810 - INFO - Starting contact update process for contact_item/library
2024-11-24 11:56:44,816 - INFO - No changes detected in contacts
2024-11-24 12:04:53,014 - INFO - Starting contact update process for contact_item/library
2024-11-24 12:04:55,023 - INFO - No changes detected in contacts
2024-11-25 13:15:44,485 - INFO - Starting contact update process for contact_item/library
2024-11-25 13:15:46,375 - INFO - Modified contact: Obecní knihovna Ořechov
2024-11-25 13:15:46,375 - INFO - Changes summary:
2024-11-25 13:15:46,375 - INFO - Modified contacts: ["Obecní knihovna Ořechov"]
2024-11-25 13:15:46,437 - INFO - Successfully updated contacts at 2024-11-25T13:15:46.437321
2024-11-25 22:41:51,516 - INFO - Starting contact update process for contact_item/library
2024-11-25 22:41:53,507 - INFO - No changes detected in contacts
2024-11-25 22:47:22,864 - INFO - Starting contact update process for contact_item/library
2024-11-25 22:47:24,818 - INFO - No changes detected in contacts
2024-11-25 22:56:49,800 - INFO - Starting contact update process for contact_item/library
2024-11-25 22:56:51,780 - INFO - No changes detected in contacts
2024-11-25 23:00:16,654 - INFO - Starting contact update process for contact_item/library
2024-11-25 23:00:18,470 - INFO - No changes detected in contacts
2024-11-25 23:16:45,767 - INFO - Starting contact update process for contact_item/library
2024-11-25 23:16:47,570 - INFO - No changes detected in contacts
2024-11-25 23:28:11,325 - INFO - Starting contact update process for contact_item/library
2024-11-25 23:28:13,396 - INFO - No changes detected in contacts
2024-11-26 00:00:11,253 - INFO - Starting contact update process for contact_item/library
2024-11-26 00:00:13,064 - INFO - No changes detected in contacts
2024-11-26 11:00:11,824 - INFO - Starting contact update process for contact_item/library
2024-11-26 11:00:13,830 - INFO - No changes detected in contacts
2024-11-26 11:19:45,198 - INFO - Starting contact update process for contact_item/library
2024-11-26 11:19:46,695 - INFO - No changes detected in contacts
2024-11-26 12:00:12,928 - INFO - Starting contact update process for contact_item/library
2024-11-26 12:00:15,060 - INFO - No changes detected in contacts
2024-11-26 13:00:12,489 - INFO - Starting contact update process for contact_item/library
2024-11-26 13:00:14,193 - INFO - No changes detected in contacts
2024-11-26 14:00:12,570 - INFO - Starting contact update process for contact_item/library
2024-11-26 14:00:14,495 - INFO - No changes detected in contacts
2024-11-26 15:00:12,189 - INFO - Starting contact update process for contact_item/library
2024-11-26 15:00:13,910 - INFO - No changes detected in contacts
2024-11-26 16:00:14,504 - INFO - Starting contact update process for contact_item/library
2024-11-26 16:00:16,575 - INFO - No changes detected in contacts
2024-11-26 17:00:12,015 - INFO - Starting contact update process for contact_item/library
2024-11-26 17:00:13,864 - INFO - No changes detected in contacts
2024-11-26 18:00:12,820 - INFO - Starting contact update process for contact_item/library
2024-11-26 18:00:14,718 - INFO - No changes detected in contacts
2024-11-26 19:00:12,549 - INFO - Starting contact update process for contact_item/library
2024-11-26 19:00:14,361 - INFO - No changes detected in contacts
2024-11-26 20:00:12,539 - INFO - Starting contact update process for contact_item/library
2024-11-26 20:00:14,412 - INFO - No changes detected in contacts
2024-11-26 21:01:10,320 - INFO - Starting contact update process for contact_item/library
2024-11-26 21:01:24,232 - INFO - No changes detected in contacts
2024-11-26 22:00:13,003 - INFO - Starting contact update process for contact_item/library
2024-11-26 22:00:14,980 - INFO - No changes detected in contacts
2024-11-26 23:00:12,684 - INFO - Starting contact update process for contact_item/library
2024-11-26 23:00:14,413 - INFO - No changes detected in contacts
2024-11-27 12:00:25,699 - INFO - Starting contact update process for contact_item/library
2024-11-27 12:00:27,998 - INFO - No changes detected in contacts
2024-11-27 12:49:08,941 - INFO - Starting contact update process for contact_item/library
2024-11-27 12:49:10,927 - INFO - No changes detected in contacts
2024-11-27 13:00:22,368 - INFO - Starting contact update process for contact_item/library
2024-11-27 13:00:26,041 - INFO - No changes detected in contacts
2024-11-27 14:00:12,357 - INFO - Starting contact update process for contact_item/library
2024-11-27 14:00:14,359 - INFO - No changes detected in contacts
2024-11-27 15:00:12,067 - INFO - Starting contact update process for contact_item/library
2024-11-27 15:00:14,105 - INFO - No changes detected in contacts
2024-11-27 16:00:13,515 - INFO - Starting contact update process for contact_item/library
2024-11-27 16:00:15,273 - INFO - No changes detected in contacts
2024-11-27 17:00:13,596 - INFO - Starting contact update process for contact_item/library
2024-11-27 17:00:15,506 - INFO - No changes detected in contacts
2024-11-27 18:00:13,109 - INFO - Starting contact update process for contact_item/library
2024-11-27 18:00:15,475 - INFO - No changes detected in contacts
2024-11-27 19:00:12,391 - INFO - Starting contact update process for contact_item/library
2024-11-27 19:00:14,494 - INFO - No changes detected in contacts
2024-11-27 20:00:11,951 - INFO - Starting contact update process for contact_item/library
2024-11-27 20:00:14,170 - INFO - No changes detected in contacts
2024-11-27 21:00:57,191 - INFO - Starting contact update process for contact_item/library
2024-11-27 21:01:08,580 - INFO - No changes detected in contacts
2024-11-27 22:00:13,340 - INFO - Starting contact update process for contact_item/library
2024-11-27 22:00:15,190 - INFO - No changes detected in contacts
2024-11-27 23:00:12,114 - INFO - Starting contact update process for contact_item/library
2024-11-27 23:00:13,822 - INFO - No changes detected in contacts
2024-11-28 00:00:12,403 - INFO - Starting contact update process for contact_item/library
2024-11-28 00:00:14,285 - INFO - No changes detected in contacts
2024-11-28 13:22:05,890 - INFO - Starting contact update process for contact_item/library
2024-11-28 13:22:07,563 - ERROR - Failed to fetch existing contacts: ('invalid_grant: Invalid JWT Signature.', {'error': 'invalid_grant', 'error_description': 'Invalid JWT Signature.'})
2024-11-28 13:22:07,563 - ERROR - Error during contact update: Failed to fetch existing contacts: ('invalid_grant: Invalid JWT Signature.', {'error': 'invalid_grant', 'error_description': 'Invalid JWT Signature.'})
2024-11-28 13:28:13,805 - INFO - Starting contact update process for contact_item/library
2024-11-28 13:28:15,689 - ERROR - Failed to fetch existing contacts: ('invalid_grant: Invalid JWT Signature.', {'error': 'invalid_grant', 'error_description': 'Invalid JWT Signature.'})
2024-11-28 13:28:15,689 - ERROR - Error during contact update: Failed to fetch existing contacts: ('invalid_grant: Invalid JWT Signature.', {'error': 'invalid_grant', 'error_description': 'Invalid JWT Signature.'})
2024-11-28 13:31:03,641 - INFO - Starting contact update process for contact_item/library
2024-11-28 13:31:05,579 - INFO - No changes detected in contacts
