2024-11-02 14:01:32,492 - INFO - Successfully updated contact_item/school (no changes)
2024-11-02 14:01:34,311 - INFO - Successfully updated contact_item/general (no changes)
2024-11-02 14:01:36,232 - INFO - Successfully updated contact_item/town_hall (no changes)
2024-11-02 14:01:38,037 - INFO - Successfully updated contact_item/post_office (no changes)
2024-11-02 14:01:39,969 - INFO - Successfully updated contact_item/firemen (no changes)
2024-11-02 14:01:41,985 - INFO - Successfully updated contact_item/library (no changes)
2024-11-02 14:01:43,742 - INFO - Successfully updated contact_item/doctors (no changes)
2024-11-02 14:01:45,777 - INFO - Successfully updated contact_item/drug_store (no changes)
2024-11-03 02:26:25,499 - INFO - Successfully updated contact_item/school (no changes)
2024-11-03 02:26:27,386 - INFO - Successfully updated contact_item/general (no changes)
2024-11-03 02:26:29,094 - ERROR - Error updating contact_item/town_hall: name 'content' is not defined
2024-11-03 02:26:29,094 - ERROR - The contacts from town_hall could not be updated.
2024-11-03 02:26:31,156 - INFO - Successfully updated contact_item/post_office (no changes)
2024-11-03 02:26:32,866 - INFO - Successfully updated contact_item/firemen (no changes)
2024-11-03 02:26:34,582 - INFO - Successfully updated contact_item/library (no changes)
2024-11-03 02:26:36,423 - INFO - Successfully updated contact_item/doctors (no changes)
2024-11-03 02:26:38,384 - INFO - Successfully updated contact_item/drug_store (no changes)
2024-11-03 02:27:14,128 - INFO - Successfully updated contact_item/school (no changes)
2024-11-03 02:27:16,010 - INFO - Successfully updated contact_item/general (no changes)
2024-11-03 02:27:17,745 - INFO - Successfully updated contact_item/town_hall with changes
2024-11-03 02:27:19,960 - INFO - Successfully updated contact_item/post_office (no changes)
2024-11-03 02:27:21,751 - INFO - Successfully updated contact_item/firemen (no changes)
2024-11-03 02:27:23,568 - INFO - Successfully updated contact_item/library (no changes)
2024-11-03 02:27:25,302 - INFO - Successfully updated contact_item/doctors (no changes)
2024-11-03 02:27:27,271 - INFO - Successfully updated contact_item/drug_store (no changes)
