2024-11-09 03:26:13,975 - INFO - Starting contact update process for contact_item/post_office
2024-11-09 03:26:15,937 - INFO - No changes detected in contacts
2024-11-09 03:27:57,920 - INFO - Starting contact update process for contact_item/post_office
2024-11-09 03:27:59,899 - INFO - Modified contact: Pošta Ořechov u Brna
2024-11-09 03:27:59,899 - INFO - Changes summary:
2024-11-09 03:27:59,899 - INFO - Modified contacts: ["Pošta Ořechov u Brna"]
2024-11-09 03:27:59,944 - INFO - Successfully updated contacts at 2024-11-09T03:27:59.944787
2024-11-09 03:29:35,522 - INFO - Starting contact update process for contact_item/post_office
2024-11-09 03:29:37,335 - INFO - Modified contact: Pošta Ořechov u Brna
2024-11-09 03:29:37,335 - INFO - Changes summary:
2024-11-09 03:29:37,335 - INFO - Modified contacts: ["Pošta Ořechov u Brna"]
2024-11-09 03:29:37,385 - INFO - Successfully updated contacts at 2024-11-09T03:29:37.385312
2024-11-09 03:30:21,113 - INFO - Starting contact update process for contact_item/post_office
2024-11-09 03:30:22,971 - INFO - No changes detected in contacts
2024-11-12 12:55:39,541 - INFO - Starting contact update process for contact_item/post_office
2024-11-12 12:55:41,651 - INFO - No changes detected in contacts
2024-11-12 12:55:45,693 - INFO - Starting contact update process for contact_item/post_office
2024-11-12 12:55:47,487 - INFO - No changes detected in contacts
2024-11-12 12:56:37,273 - INFO - Starting contact update process for contact_item/post_office
2024-11-12 12:56:38,848 - INFO - No changes detected in contacts
2024-11-12 21:08:50,380 - INFO - Starting contact update process for contact_item/post_office
2024-11-12 21:08:52,254 - INFO - No changes detected in contacts
2024-11-12 21:38:44,197 - INFO - Starting contact update process for contact_item/post_office
2024-11-12 21:38:45,983 - INFO - No changes detected in contacts
2024-11-12 23:23:21,805 - INFO - Starting contact update process for contact_item/post_office
2024-11-12 23:23:23,643 - INFO - No changes detected in contacts
2024-11-13 03:08:28,600 - INFO - Starting contact update process for contact_item/post_office
2024-11-13 03:08:30,480 - INFO - No changes detected in contacts
2024-11-13 03:46:11,521 - INFO - Starting contact update process for contact_item/post_office
2024-11-13 03:46:13,173 - INFO - No changes detected in contacts
2024-11-13 13:45:43,318 - INFO - Starting contact update process for contact_item/post_office
2024-11-13 13:45:45,405 - INFO - No changes detected in contacts
2024-11-13 15:00:08,263 - INFO - Starting contact update process for contact_item/post_office
2024-11-13 15:00:10,129 - INFO - No changes detected in contacts
2024-11-13 16:17:33,054 - INFO - Starting contact update process for contact_item/post_office
2024-11-13 16:17:34,991 - INFO - No changes detected in contacts
2024-11-13 16:21:20,924 - INFO - Starting contact update process for contact_item/post_office
2024-11-13 16:21:22,474 - INFO - No changes detected in contacts
2024-11-13 16:21:50,352 - INFO - Starting contact update process for contact_item/post_office
2024-11-13 16:21:52,080 - INFO - No changes detected in contacts
2024-11-13 16:29:19,504 - INFO - Starting contact update process for contact_item/post_office
2024-11-13 16:29:21,047 - INFO - No changes detected in contacts
2024-11-13 17:01:02,051 - INFO - Starting contact update process for contact_item/post_office
2024-11-13 17:01:03,756 - INFO - No changes detected in contacts
2024-11-13 18:21:48,424 - INFO - Starting contact update process for contact_item/post_office
2024-11-13 18:21:50,522 - INFO - No changes detected in contacts
2024-11-13 18:43:30,828 - INFO - Starting contact update process for contact_item/post_office
2024-11-13 18:43:32,778 - INFO - No changes detected in contacts
2024-11-13 23:59:50,688 - INFO - Starting contact update process for contact_item/post_office
2024-11-13 23:59:52,205 - INFO - No changes detected in contacts
