2024-11-09 03:26:08,510 - INFO - Starting contact update process for contact_item/school
2024-11-09 03:26:10,588 - INFO - Modified contact: Základní umělecká škola Ořechov
2024-11-09 03:26:10,588 - INFO - Changes summary:
2024-11-09 03:26:10,588 - INFO - Modified contacts: ["Základní umělecká škola Ořechov"]
2024-11-09 03:26:10,643 - INFO - Successfully updated contacts at 2024-11-09T03:26:10.643524
2024-11-09 03:27:51,767 - INFO - Starting contact update process for contact_item/school
2024-11-09 03:27:53,735 - INFO - No changes detected in contacts
2024-11-09 03:29:29,878 - INFO - Starting contact update process for contact_item/school
2024-11-09 03:29:31,894 - INFO - No changes detected in contacts
2024-11-09 03:30:15,784 - INFO - Starting contact update process for contact_item/school
2024-11-09 03:30:17,583 - INFO - No changes detected in contacts
2024-11-12 12:55:32,383 - INFO - Starting contact update process for contact_item/school
2024-11-12 12:55:34,605 - INFO - No changes detected in contacts
2024-11-12 12:55:39,439 - INFO - Starting contact update process for contact_item/school
2024-11-12 12:55:41,540 - INFO - No changes detected in contacts
2024-11-12 12:56:31,964 - INFO - Starting contact update process for contact_item/school
2024-11-12 12:56:34,011 - INFO - No changes detected in contacts
2024-11-12 21:08:44,266 - INFO - Starting contact update process for contact_item/school
2024-11-12 21:08:46,386 - INFO - No changes detected in contacts
2024-11-12 21:38:38,420 - INFO - Starting contact update process for contact_item/school
2024-11-12 21:38:40,455 - INFO - No changes detected in contacts
2024-11-12 23:23:16,073 - INFO - Starting contact update process for contact_item/school
2024-11-12 23:23:18,046 - INFO - No changes detected in contacts
2024-11-13 03:08:23,211 - INFO - Starting contact update process for contact_item/school
2024-11-13 03:08:24,985 - INFO - No changes detected in contacts
2024-11-13 03:46:05,381 - INFO - Starting contact update process for contact_item/school
2024-11-13 03:46:07,392 - INFO - No changes detected in contacts
2024-11-13 13:45:37,516 - INFO - Starting contact update process for contact_item/school
2024-11-13 13:45:39,609 - INFO - No changes detected in contacts
2024-11-13 15:00:01,259 - INFO - Starting contact update process for contact_item/school
2024-11-13 15:00:04,488 - INFO - No changes detected in contacts
2024-11-13 16:17:27,074 - INFO - Starting contact update process for contact_item/school
2024-11-13 16:17:29,247 - INFO - No changes detected in contacts
2024-11-13 16:21:15,596 - INFO - Starting contact update process for contact_item/school
2024-11-13 16:21:17,468 - INFO - No changes detected in contacts
2024-11-13 16:21:44,214 - INFO - Starting contact update process for contact_item/school
2024-11-13 16:21:46,370 - INFO - No changes detected in contacts
2024-11-13 16:29:14,155 - INFO - Starting contact update process for contact_item/school
2024-11-13 16:29:16,087 - INFO - No changes detected in contacts
2024-11-13 17:00:55,996 - INFO - Starting contact update process for contact_item/school
2024-11-13 17:00:58,231 - INFO - No changes detected in contacts
2024-11-13 18:21:41,754 - INFO - Starting contact update process for contact_item/school
2024-11-13 18:21:44,637 - INFO - No changes detected in contacts
2024-11-13 18:43:24,418 - INFO - Starting contact update process for contact_item/school
2024-11-13 18:43:26,657 - INFO - No changes detected in contacts
2024-11-13 23:59:44,712 - INFO - Starting contact update process for contact_item/school
2024-11-13 23:59:46,637 - INFO - No changes detected in contacts
