2024-11-09 03:26:12,259 - INFO - Starting contact update process for contact_item/town_hall
2024-11-09 03:26:13,974 - INFO - No changes detected in contacts
2024-11-09 03:27:55,799 - INFO - Starting contact update process for contact_item/town_hall
2024-11-09 03:27:57,920 - INFO - No changes detected in contacts
2024-11-09 03:29:33,751 - INFO - Starting contact update process for contact_item/town_hall
2024-11-09 03:29:35,522 - INFO - No changes detected in contacts
2024-11-09 03:30:19,411 - INFO - Starting contact update process for contact_item/town_hall
2024-11-09 03:30:21,065 - INFO - New contact added: DUDÍK Tomáš
2024-11-09 03:30:21,065 - INFO - New contact added: SMIŠTÍK Pavel
2024-11-09 03:30:21,065 - INFO - New contact added: HRUBÁ Ivona
2024-11-09 03:30:21,065 - INFO - New contact added: BERÁNKOVÁ Ilona
2024-11-09 03:30:21,065 - INFO - New contact added: SMUTNÁ Taťána
2024-11-09 03:30:21,065 - INFO - New contact added: PALACKOVÁ Marie
2024-11-09 03:30:21,065 - INFO - New contact added: ADÁMKOVÁ Naděžda
2024-11-09 03:30:21,065 - INFO - New contact added: Bc. CIHLÁŘ Zdeněk
2024-11-09 03:30:21,065 - INFO - New contact added: Ing. PROKEŠ Pavel
2024-11-09 03:30:21,065 - INFO - New contact added: RAŠTICA Michal
2024-11-09 03:30:21,065 - INFO - Changes summary:
2024-11-09 03:30:21,065 - INFO - Added contacts: ["DUDÍK Tomáš", "SMIŠTÍK Pavel", "HRUBÁ Ivona", "BERÁNKOVÁ Ilona", "SMUTNÁ Taťána", "PALACKOVÁ Marie", "ADÁMKOVÁ Naděžda", "Bc. CIHLÁŘ Zdeněk", "Ing. PROKEŠ Pavel", "RAŠTICA Michal"]
2024-11-09 03:30:21,113 - INFO - Successfully updated contacts at 2024-11-09T03:30:21.113467
2024-11-12 12:55:36,710 - INFO - Starting contact update process for contact_item/town_hall
2024-11-12 12:55:39,541 - INFO - No changes detected in contacts
2024-11-12 12:55:43,711 - INFO - Starting contact update process for contact_item/town_hall
2024-11-12 12:55:45,693 - INFO - No changes detected in contacts
2024-11-12 12:56:35,645 - INFO - Starting contact update process for contact_item/town_hall
2024-11-12 12:56:37,273 - INFO - No changes detected in contacts
2024-11-12 21:08:48,451 - INFO - Starting contact update process for contact_item/town_hall
2024-11-12 21:08:50,380 - INFO - No changes detected in contacts
2024-11-12 21:38:42,297 - INFO - Starting contact update process for contact_item/town_hall
2024-11-12 21:38:44,196 - INFO - No changes detected in contacts
2024-11-12 23:23:19,862 - INFO - Starting contact update process for contact_item/town_hall
2024-11-12 23:23:21,804 - INFO - No changes detected in contacts
2024-11-13 03:08:26,940 - INFO - Starting contact update process for contact_item/town_hall
2024-11-13 03:08:28,600 - INFO - No changes detected in contacts
2024-11-13 03:46:09,300 - INFO - Starting contact update process for contact_item/town_hall
2024-11-13 03:46:11,520 - INFO - No changes detected in contacts
2024-11-13 13:45:41,459 - INFO - Starting contact update process for contact_item/town_hall
2024-11-13 13:45:43,318 - INFO - No changes detected in contacts
2024-11-13 15:00:06,422 - INFO - Starting contact update process for contact_item/town_hall
2024-11-13 15:00:08,263 - INFO - No changes detected in contacts
2024-11-13 16:17:31,107 - INFO - Starting contact update process for contact_item/town_hall
2024-11-13 16:17:33,054 - INFO - No changes detected in contacts
2024-11-13 16:21:19,076 - INFO - Starting contact update process for contact_item/town_hall
2024-11-13 16:21:20,924 - INFO - No changes detected in contacts
2024-11-13 16:21:48,193 - INFO - Starting contact update process for contact_item/town_hall
2024-11-13 16:21:50,351 - INFO - No changes detected in contacts
2024-11-13 16:29:17,796 - INFO - Starting contact update process for contact_item/town_hall
2024-11-13 16:29:19,503 - INFO - No changes detected in contacts
2024-11-13 17:01:00,347 - INFO - Starting contact update process for contact_item/town_hall
2024-11-13 17:01:02,050 - INFO - No changes detected in contacts
2024-11-13 18:21:46,564 - INFO - Starting contact update process for contact_item/town_hall
2024-11-13 18:21:48,423 - INFO - No changes detected in contacts
2024-11-13 18:43:28,650 - INFO - Starting contact update process for contact_item/town_hall
2024-11-13 18:43:30,828 - INFO - No changes detected in contacts
2024-11-13 23:59:48,748 - INFO - Starting contact update process for contact_item/town_hall
2024-11-13 23:59:50,687 - INFO - No changes detected in contacts
