2024-10-24 00:42:57,911 - INFO - Starting newspaper synchronization process for newspapers
2024-10-24 00:42:57,911 - INFO - Fetching newspapers from https://www.orechovubrna.cz/zivot-v-obci/orechovsky-zpravodaj/
2024-10-24 00:43:05,588 - INFO - Found 51 newspaper items
2024-10-24 00:43:05,805 - INFO - Retrieved 3 existing items from Firebase
2024-10-24 00:43:05,805 - INFO - New newspaper detected: 202402
2024-10-24 00:43:05,855 - INFO - New newspaper detected: 202401
2024-10-24 00:43:05,903 - INFO - New newspaper detected: 202303
2024-10-24 00:43:05,951 - INFO - New newspaper detected: 202302
2024-10-24 00:43:05,999 - INFO - New newspaper detected: 202301
2024-10-24 00:43:06,048 - INFO - New newspaper detected: 202203
2024-10-24 00:43:06,097 - INFO - Link change detected for newspaper 202202
2024-10-24 00:43:06,098 - INFO - Old link: https://www.orechovubrna.cz/zivot-v-obci/orechovsky-zpravodaj/soubory/O%C5%99echovsk%C3%BD%20zpravodaj%202/2022-1427.pdf
2024-10-24 00:43:06,098 - INFO - New link: https://www.orechovubrna.cz/zivot-v-obci/orechovsky-zpravodaj/soubory/Ořechovský zpravodaj 2/2022-1427.pdf
2024-10-24 00:43:06,149 - INFO - New newspaper detected: 202201
2024-10-24 00:43:06,198 - INFO - New newspaper detected: 202103
2024-10-24 00:43:06,249 - INFO - New newspaper detected: 202102
2024-10-24 00:43:06,297 - INFO - New newspaper detected: 202101
2024-10-24 00:43:06,360 - INFO - New newspaper detected: 202003
2024-10-24 00:43:06,413 - INFO - New newspaper detected: 202002
2024-10-24 00:43:06,466 - INFO - New newspaper detected: 202001
2024-10-24 00:43:06,517 - INFO - New newspaper detected: 201903
2024-10-24 00:43:06,569 - INFO - New newspaper detected: 201902
2024-10-24 00:43:06,617 - INFO - New newspaper detected: 201901
2024-10-24 00:43:06,665 - INFO - New newspaper detected: 201803
2024-10-24 00:43:06,715 - INFO - New newspaper detected: 201802
2024-10-24 00:43:06,764 - INFO - New newspaper detected: 201801
2024-10-24 00:43:06,814 - INFO - New newspaper detected: 201703
2024-10-24 00:43:06,860 - INFO - New newspaper detected: 201702
2024-10-24 00:43:06,905 - INFO - New newspaper detected: 201701
2024-10-24 00:43:06,952 - INFO - New newspaper detected: 201603
2024-10-24 00:43:07,004 - INFO - New newspaper detected: 201602
2024-10-24 00:43:07,055 - INFO - New newspaper detected: 201601
2024-10-24 00:43:07,108 - INFO - New newspaper detected: 201503
2024-10-24 00:43:07,156 - INFO - New newspaper detected: 201502
2024-10-24 00:43:07,205 - INFO - New newspaper detected: 201501
2024-10-24 00:43:07,252 - INFO - New newspaper detected: 201404
2024-10-24 00:43:07,298 - INFO - New newspaper detected: 201403
2024-10-24 00:43:07,348 - INFO - New newspaper detected: 201402
2024-10-24 00:43:07,402 - INFO - New newspaper detected: 201401
2024-10-24 00:43:07,454 - INFO - New newspaper detected: 201303
2024-10-24 00:43:07,503 - INFO - New newspaper detected: 201302
2024-10-24 00:43:07,554 - INFO - New newspaper detected: 201203
2024-10-24 00:43:07,607 - INFO - New newspaper detected: 201202
2024-10-24 00:43:07,653 - INFO - New newspaper detected: 201301
2024-10-24 00:43:07,699 - INFO - New newspaper detected: 201104
2024-10-24 00:43:07,751 - INFO - New newspaper detected: 201201
2024-10-24 00:43:07,799 - INFO - New newspaper detected: 201103
2024-10-24 00:43:07,844 - INFO - New newspaper detected: 201102
2024-10-24 00:43:07,894 - INFO - New newspaper detected: 201101
2024-10-24 00:43:07,945 - INFO - New newspaper detected: 201003
2024-10-24 00:43:07,993 - INFO - New newspaper detected: 201004
2024-10-24 00:43:08,051 - INFO - New newspaper detected: 201002
2024-10-24 00:43:08,101 - INFO - New newspaper detected: 201001
2024-10-24 00:43:08,148 - INFO - New newspaper detected: 200904
2024-10-24 00:43:08,201 - INFO - New newspaper detected: 200903
2024-10-24 00:43:08,266 - INFO - New newspaper detected: 200902
2024-10-24 00:43:08,333 - INFO - New newspaper detected: 200901
2024-10-24 00:43:08,384 - INFO - Summary of changes:
2024-10-24 00:43:08,384 - INFO - Updated links for newspapers: ['202202']
2024-10-24 00:43:08,385 - INFO - Added new newspapers: ['202402', '202401', '202303', '202302', '202301', '202203', '202201', '202103', '202102', '202101', '202003', '202002', '202001', '201903', '201902', '201901', '201803', '201802', '201801', '201703', '201702', '201701', '201603', '201602', '201601', '201503', '201502', '201501', '201404', '201403', '201402', '201401', '201303', '201302', '201203', '201202', '201301', '201104', '201201', '201103', '201102', '201101', '201003', '201004', '201002', '201001', '200904', '200903', '200902', '200901']
2024-10-24 00:43:08,386 - INFO - Synchronization completed successfully
2024-10-24 00:55:11,949 - INFO - Starting newspaper synchronization process for newspapers
2024-10-24 00:55:11,950 - INFO - Fetching newspapers from https://www.orechovubrna.cz/zivot-v-obci/orechovsky-zpravodaj/
2024-10-24 00:55:14,990 - INFO - Found 51 newspaper items
2024-10-24 00:55:15,219 - INFO - New newspaper detected: 202402
2024-10-24 00:55:15,267 - INFO - New newspaper detected: 202401
2024-10-24 00:55:15,314 - INFO - New newspaper detected: 202303
2024-10-24 00:55:15,362 - INFO - New newspaper detected: 202302
2024-10-24 00:55:15,408 - INFO - New newspaper detected: 202301
2024-10-24 00:55:15,457 - INFO - New newspaper detected: 202203
2024-10-24 00:55:15,504 - INFO - New newspaper detected: 202202
2024-10-24 00:55:15,551 - INFO - New newspaper detected: 202201
2024-10-24 00:55:15,599 - INFO - New newspaper detected: 202103
2024-10-24 00:55:15,653 - INFO - New newspaper detected: 202102
2024-10-24 00:55:15,703 - INFO - New newspaper detected: 202101
2024-10-24 00:55:15,760 - INFO - New newspaper detected: 202003
2024-10-24 00:55:15,811 - INFO - New newspaper detected: 202002
2024-10-24 00:55:15,859 - INFO - New newspaper detected: 202001
2024-10-24 00:55:15,909 - INFO - New newspaper detected: 201903
2024-10-24 00:55:15,957 - INFO - New newspaper detected: 201902
2024-10-24 00:55:16,005 - INFO - New newspaper detected: 201901
2024-10-24 00:55:16,053 - INFO - New newspaper detected: 201803
2024-10-24 00:55:16,099 - INFO - New newspaper detected: 201802
2024-10-24 00:55:16,147 - INFO - New newspaper detected: 201801
2024-10-24 00:55:16,198 - INFO - New newspaper detected: 201703
2024-10-24 00:55:16,239 - INFO - New newspaper detected: 201702
2024-10-24 00:55:16,289 - INFO - New newspaper detected: 201701
2024-10-24 00:55:16,333 - INFO - New newspaper detected: 201603
2024-10-24 00:55:16,381 - INFO - New newspaper detected: 201602
2024-10-24 00:55:16,431 - INFO - New newspaper detected: 201601
2024-10-24 00:55:16,482 - INFO - New newspaper detected: 201503
2024-10-24 00:55:16,530 - INFO - New newspaper detected: 201502
2024-10-24 00:55:16,577 - INFO - New newspaper detected: 201501
2024-10-24 00:55:16,622 - INFO - New newspaper detected: 201404
2024-10-24 00:55:16,673 - INFO - New newspaper detected: 201403
2024-10-24 00:55:16,719 - INFO - New newspaper detected: 201402
2024-10-24 00:55:16,764 - INFO - New newspaper detected: 201401
2024-10-24 00:55:16,814 - INFO - New newspaper detected: 201303
2024-10-24 00:55:16,856 - INFO - New newspaper detected: 201302
2024-10-24 00:55:16,904 - INFO - New newspaper detected: 201203
2024-10-24 00:55:16,954 - INFO - New newspaper detected: 201202
2024-10-24 00:55:17,000 - INFO - New newspaper detected: 201301
2024-10-24 00:55:17,050 - INFO - New newspaper detected: 201104
2024-10-24 00:55:17,094 - INFO - New newspaper detected: 201201
2024-10-24 00:55:17,140 - INFO - New newspaper detected: 201103
2024-10-24 00:55:17,190 - INFO - New newspaper detected: 201102
2024-10-24 00:55:17,240 - INFO - New newspaper detected: 201101
2024-10-24 00:55:17,284 - INFO - New newspaper detected: 201003
2024-10-24 00:55:17,334 - INFO - New newspaper detected: 201004
2024-10-24 00:55:17,400 - INFO - New newspaper detected: 201002
2024-10-24 00:55:17,444 - INFO - New newspaper detected: 201001
2024-10-24 00:55:17,488 - INFO - New newspaper detected: 200904
2024-10-24 00:55:17,535 - INFO - New newspaper detected: 200903
2024-10-24 00:55:17,578 - INFO - New newspaper detected: 200902
2024-10-24 00:55:17,627 - INFO - New newspaper detected: 200901
2024-10-24 00:55:17,675 - INFO - Summary of changes:
2024-10-24 00:55:17,675 - INFO - Added new newspapers: [202402, 202401, 202303, 202302, 202301, 202203, 202202, 202201, 202103, 202102, 202101, 202003, 202002, 202001, 201903, 201902, 201901, 201803, 201802, 201801, 201703, 201702, 201701, 201603, 201602, 201601, 201503, 201502, 201501, 201404, 201403, 201402, 201401, 201303, 201302, 201203, 201202, 201301, 201104, 201201, 201103, 201102, 201101, 201003, 201004, 201002, 201001, 200904, 200903, 200902, 200901]
2024-10-24 00:55:17,677 - INFO - Synchronization completed successfully
2024-10-24 03:38:37,429 - INFO - Starting newspaper synchronization process for newspapers
2024-10-24 03:38:37,430 - INFO - Fetching newspapers from https://www.orechovubrna.cz/zivot-v-obci/orechovsky-zpravodaj/
2024-10-24 03:38:40,853 - INFO - Found 51 newspaper items
2024-10-24 03:38:41,098 - INFO - No changes detected in newspapers data
2024-10-24 03:38:41,098 - INFO - Synchronization completed successfully
