2024-12-13 21:09:30,509 - INFO - Starting update process
2024-12-13 21:09:30,528 - INFO - Created new folder: Povinně zveřejňované informace
2024-12-13 21:13:39,435 - INFO - Found 39 documents
2024-12-13 21:13:43,089 - INFO - Added new file: Poskytnutá informace ohledně veřejného osvětlení
2024-12-13 21:13:47,142 - INFO - Added new file: Výroční zpráva za rok 2021 dle zák.č. 106/1999 Sb.
2024-12-13 21:13:50,920 - INFO - Added new file: Poskytnutá informace ze dne 19.4.2022
2024-12-13 21:13:54,508 - INFO - Added new file: Výroční zpráva za rok 2022 dle zákona č. 106/1999
2024-12-13 21:13:58,316 - INFO - Added new file: Výroční zpráva za rok 2020 dle zák. 106/1999 Sb.
2024-12-13 21:14:02,810 - INFO - Added new file: Střednědobý výhled rozpočtu na 2025- 2026
2024-12-13 21:14:06,645 - INFO - Added new file: Rozpočet obce Ořechov 2024
2024-12-13 21:14:10,100 - INFO - Added new file: Výroční zpráva za rok 2023 dle zák. 106/1999 Sb.
2024-12-13 21:14:13,513 - INFO - Added new file: Střednědobý výhled rozpočtu na roky 2024-2025
2024-12-13 21:14:17,178 - INFO - Added new file: Rozpočet obce na rok 2023
2024-12-13 21:14:21,176 - INFO - Added new file: Poskytnutá informace ohledně  radaru 30.12.2022
2024-12-13 21:14:25,222 - INFO - Added new file: Poskytnutá informace dle zák. 106/1999 Sb. - Lejtna
2024-12-13 21:14:29,309 - INFO - Added new file: Výroční zpráva za rok 2019 dle zák.č. 106/1999 Sb.
2024-12-13 21:14:33,214 - INFO - Added new file: Poskytnutá informace 20.8.2019
2024-12-13 21:14:36,621 - INFO - Added new file: Výroční zpráva za rok 2018 dle zák.č. 106/1999 Sb.
2024-12-13 21:14:41,016 - INFO - Added new file: Poskytnutá informace - odhad Pavlíkova 9
2024-12-13 21:14:44,759 - INFO - Added new file: Poskytnutá informace ze dne 23.11.2018 -kastrační program
2024-12-13 21:14:48,603 - INFO - Added new file: Poskytnutá informace 21.9.2018
2024-12-13 21:14:52,486 - INFO - Added new file: Poskytnutá informace 5.9.2018
2024-12-13 21:14:55,978 - INFO - Added new file: Poskytnutá informace 3.9.2018
2024-12-13 21:14:59,602 - INFO - Added new file: Poskytnutá informace 5.6.2018
2024-12-13 21:15:05,771 - INFO - Added new file: Poskytnutá informace 20.6.2018
2024-12-13 21:15:09,701 - INFO - Added new file: Poskytnutá informace 23.10.2017
2024-12-13 21:15:13,042 - INFO - Added new file: Výroční zpráva za rok 2017 dle zák. č. 106/1999 Sb.
2024-12-13 21:15:16,523 - INFO - Added new file: Poskytnutá informace - Ambros
2024-12-13 21:15:20,425 - INFO - Added new file: Poskytnutá informace - Kříž
2024-12-13 21:15:23,882 - INFO - Added new file: Poskytnutá informace - Istav media 295
2024-12-13 21:15:27,355 - INFO - Added new file: Poskytnutá informace - Istav media 154
2024-12-13 21:15:31,267 - INFO - Added new file: Poskytnutá informace - Istav media 140
2024-12-13 21:15:35,421 - INFO - Added new file: Poskytnutá informace - Busines 2015
2024-12-13 21:15:39,591 - INFO - Added new file: Výroční zpráva za rok 2016 dle zák. 106/1999 Sb.
2024-12-13 21:20:10,163 - INFO - Starting update process
2024-12-13 21:20:10,178 - INFO - Created new folder: Povinně zveřejňované informace
2024-12-13 21:22:50,791 - INFO - Starting update process
2024-12-13 21:22:50,806 - INFO - Created new folder: Povinně zveřejňované informace
2024-12-13 21:23:32,290 - INFO - Starting update process
2024-12-13 21:23:32,304 - INFO - Created new folder: Povinně zveřejňované informace
2024-12-13 21:24:44,527 - INFO - Found 39 documents
2024-12-13 21:24:47,840 - INFO - Added new file: Poskytnutá informace ohledně veřejného osvětlení
2024-12-13 21:24:51,409 - INFO - Added new file: Výroční zpráva za rok 2021 dle zák.č. 106/1999 Sb.
2024-12-13 21:24:55,286 - INFO - Added new file: Poskytnutá informace ze dne 19.4.2022
2024-12-13 21:24:58,669 - INFO - Added new file: Výroční zpráva za rok 2022 dle zákona č. 106/1999
2024-12-13 21:25:02,623 - INFO - Added new file: Výroční zpráva za rok 2020 dle zák. 106/1999 Sb.
2024-12-13 21:25:05,903 - INFO - Added new file: Střednědobý výhled rozpočtu na 2025- 2026
2024-12-13 21:25:09,323 - INFO - Added new file: Rozpočet obce Ořechov 2024
2024-12-13 21:25:12,752 - INFO - Added new file: Výroční zpráva za rok 2023 dle zák. 106/1999 Sb.
2024-12-13 21:25:17,036 - INFO - Added new file: Střednědobý výhled rozpočtu na roky 2024-2025
2024-12-13 21:25:20,403 - INFO - Added new file: Rozpočet obce na rok 2023
2024-12-13 21:25:24,181 - INFO - Added new file: Poskytnutá informace ohledně  radaru 30.12.2022
2024-12-13 21:25:27,537 - INFO - Added new file: Poskytnutá informace dle zák. 106/1999 Sb. - Lejtna
2024-12-13 21:25:30,960 - INFO - Added new file: Výroční zpráva za rok 2019 dle zák.č. 106/1999 Sb.
2024-12-13 21:25:34,341 - INFO - Added new file: Poskytnutá informace 20.8.2019
2024-12-13 21:25:37,890 - INFO - Added new file: Výroční zpráva za rok 2018 dle zák.č. 106/1999 Sb.
2024-12-13 21:25:41,587 - INFO - Added new file: Poskytnutá informace - odhad Pavlíkova 9
2024-12-13 21:25:45,233 - INFO - Added new file: Poskytnutá informace ze dne 23.11.2018 -kastrační program
2024-12-13 21:25:48,604 - INFO - Added new file: Poskytnutá informace 21.9.2018
2024-12-13 21:25:52,613 - INFO - Added new file: Poskytnutá informace 5.9.2018
2024-12-13 21:25:56,757 - INFO - Added new file: Poskytnutá informace 3.9.2018
2024-12-13 21:26:00,527 - INFO - Added new file: Poskytnutá informace 5.6.2018
2024-12-13 21:26:04,218 - INFO - Added new file: Poskytnutá informace 20.6.2018
2024-12-13 21:26:07,412 - INFO - Added new file: Poskytnutá informace 23.10.2017
2024-12-13 21:26:10,657 - INFO - Added new file: Výroční zpráva za rok 2017 dle zák. č. 106/1999 Sb.
2024-12-13 21:26:14,692 - INFO - Added new file: Poskytnutá informace - Ambros
2024-12-13 21:26:18,267 - INFO - Added new file: Poskytnutá informace - Kříž
2024-12-13 21:26:21,998 - INFO - Added new file: Poskytnutá informace - Istav media 295
2024-12-13 21:26:25,618 - INFO - Added new file: Poskytnutá informace - Istav media 154
2024-12-13 21:26:29,350 - INFO - Added new file: Poskytnutá informace - Istav media 140
2024-12-13 21:26:32,669 - INFO - Added new file: Poskytnutá informace - Busines 2015
2024-12-13 21:26:36,078 - INFO - Added new file: Výroční zpráva za rok 2016 dle zák. 106/1999 Sb.
2024-12-13 21:26:39,373 - INFO - Added new file: Výroční zpráva za rok 2015 dle zák. 106/1999 Sb.
2024-12-13 21:26:42,785 - INFO - Added new file: Výroční zpráva za rok 2014 dle zák. 106/1999 Sb.
2024-12-13 21:26:46,444 - INFO - Added new file: Výroční zpráva za rok 2013 dle zák. 106/1999 Sb.
2024-12-13 21:26:49,946 - INFO - Added new file: Výroční zpráva za rok 2012 dle zák. 106/1999 Sb.
2024-12-13 21:26:53,291 - INFO - Added new file: Výroční zpráva za rok 2011 dle zák. 106/1999 Sb.
2024-12-13 21:26:56,729 - INFO - Added new file: Výroční zpráva za rok 2010 dle zák. 106/1999 Sb.
2024-12-13 21:27:00,001 - INFO - Added new file: Výroční zpráva za rok 2009 dle zák. 106/1999 Sb.
2024-12-13 21:27:03,470 - INFO - Added new file: Výroční zpráva za rok 2008 dle zák. 106/1999 Sb.
2024-12-13 21:27:03,474 - INFO - Processed 39 files
2024-12-13 21:27:03,474 - INFO - Total data processed: 12.39 MB
2024-12-13 21:27:23,576 - INFO - Starting update process
2024-12-13 21:27:23,590 - INFO - Existing folders:
2024-12-13 21:27:23,590 - INFO -   - Matrika (ID: 2d31aeeb-3cee-4e60-8ddf-8ea9c2577a85)
2024-12-13 21:27:23,590 - INFO -   - Sociální služby (ID: cd440dad-19be-406c-bc97-d1b8439817d1)
2024-12-13 21:27:23,590 - INFO -   - Komunální odpad (ID: b672455c-7268-4a65-a137-e121ea358323)
2024-12-13 21:27:23,590 - INFO -   - Kácení dřevin (ID: daff4e6d-a044-401a-832d-3a747349cd3f)
2024-12-13 21:27:23,590 - INFO -   - Psi (ID: 96db49f3-429d-462a-ab7d-4bc9e22c4c0f)
2024-12-13 21:27:23,590 - INFO -   - Povinně zveřejňované informace (ID: ec01e459-c919-468b-8d5a-c874c04c2b1c)
2024-12-13 21:27:23,591 - INFO - Working with existing folder: Povinně zveřejňované informace
2024-12-13 21:28:33,463 - INFO - Found 39 documents
2024-12-13 21:28:33,465 - INFO - Skipping unchanged file: Poskytnutá informace ohledně veřejného osvětlení
2024-12-13 21:28:33,465 - INFO - Skipping unchanged file: Výroční zpráva za rok 2021 dle zák.č. 106/1999 Sb.
2024-12-13 21:28:33,465 - INFO - Skipping unchanged file: Poskytnutá informace ze dne 19.4.2022
2024-12-13 21:28:33,465 - INFO - Skipping unchanged file: Výroční zpráva za rok 2022 dle zákona č. 106/1999
2024-12-13 21:28:33,465 - INFO - Skipping unchanged file: Výroční zpráva za rok 2020 dle zák. 106/1999 Sb.
2024-12-13 21:28:33,465 - INFO - Skipping unchanged file: Střednědobý výhled rozpočtu na 2025- 2026
2024-12-13 21:28:33,465 - INFO - Skipping unchanged file: Rozpočet obce Ořechov 2024
2024-12-13 21:28:33,465 - INFO - Skipping unchanged file: Výroční zpráva za rok 2023 dle zák. 106/1999 Sb.
2024-12-13 21:28:33,466 - INFO - Skipping unchanged file: Střednědobý výhled rozpočtu na roky 2024-2025
2024-12-13 21:28:33,466 - INFO - Skipping unchanged file: Rozpočet obce na rok 2023
2024-12-13 21:28:33,466 - INFO - Skipping unchanged file: Poskytnutá informace ohledně  radaru 30.12.2022
2024-12-13 21:28:33,466 - INFO - Skipping unchanged file: Poskytnutá informace dle zák. 106/1999 Sb. - Lejtna
2024-12-13 21:28:33,466 - INFO - Skipping unchanged file: Výroční zpráva za rok 2019 dle zák.č. 106/1999 Sb.
2024-12-13 21:28:33,466 - INFO - Skipping unchanged file: Poskytnutá informace 20.8.2019
2024-12-13 21:28:33,466 - INFO - Skipping unchanged file: Výroční zpráva za rok 2018 dle zák.č. 106/1999 Sb.
2024-12-13 21:28:33,466 - INFO - Skipping unchanged file: Poskytnutá informace - odhad Pavlíkova 9
2024-12-13 21:28:33,466 - INFO - Skipping unchanged file: Poskytnutá informace ze dne 23.11.2018 -kastrační program
2024-12-13 21:28:33,466 - INFO - Skipping unchanged file: Poskytnutá informace 21.9.2018
2024-12-13 21:28:33,466 - INFO - Skipping unchanged file: Poskytnutá informace 5.9.2018
2024-12-13 21:28:33,466 - INFO - Skipping unchanged file: Poskytnutá informace 3.9.2018
2024-12-13 21:28:33,466 - INFO - Skipping unchanged file: Poskytnutá informace 5.6.2018
2024-12-13 21:28:33,466 - INFO - Skipping unchanged file: Poskytnutá informace 20.6.2018
2024-12-13 21:28:33,466 - INFO - Skipping unchanged file: Poskytnutá informace 23.10.2017
2024-12-13 21:28:33,466 - INFO - Skipping unchanged file: Výroční zpráva za rok 2017 dle zák. č. 106/1999 Sb.
2024-12-13 21:28:33,466 - INFO - Skipping unchanged file: Poskytnutá informace - Ambros
2024-12-13 21:28:33,466 - INFO - Skipping unchanged file: Poskytnutá informace - Kříž
2024-12-13 21:28:33,466 - INFO - Skipping unchanged file: Poskytnutá informace - Istav media 295
2024-12-13 21:28:33,466 - INFO - Skipping unchanged file: Poskytnutá informace - Istav media 154
2024-12-13 21:28:33,466 - INFO - Skipping unchanged file: Poskytnutá informace - Istav media 140
2024-12-13 21:28:33,466 - INFO - Skipping unchanged file: Poskytnutá informace - Busines 2015
2024-12-13 21:28:33,466 - INFO - Skipping unchanged file: Výroční zpráva za rok 2016 dle zák. 106/1999 Sb.
2024-12-13 21:28:33,466 - INFO - Skipping unchanged file: Výroční zpráva za rok 2015 dle zák. 106/1999 Sb.
2024-12-13 21:28:33,466 - INFO - Skipping unchanged file: Výroční zpráva za rok 2014 dle zák. 106/1999 Sb.
2024-12-13 21:28:33,466 - INFO - Skipping unchanged file: Výroční zpráva za rok 2013 dle zák. 106/1999 Sb.
2024-12-13 21:28:33,466 - INFO - Skipping unchanged file: Výroční zpráva za rok 2012 dle zák. 106/1999 Sb.
2024-12-13 21:28:33,466 - INFO - Skipping unchanged file: Výroční zpráva za rok 2011 dle zák. 106/1999 Sb.
2024-12-13 21:28:33,466 - INFO - Skipping unchanged file: Výroční zpráva za rok 2010 dle zák. 106/1999 Sb.
2024-12-13 21:28:33,466 - INFO - Skipping unchanged file: Výroční zpráva za rok 2009 dle zák. 106/1999 Sb.
2024-12-13 21:28:33,466 - INFO - Skipping unchanged file: Výroční zpráva za rok 2008 dle zák. 106/1999 Sb.
2024-12-13 21:28:33,469 - INFO - Processed 0 files
2024-12-13 21:28:33,469 - INFO - Total data processed: 0.00 B
2024-12-13 21:29:44,677 - INFO - Starting update process
2024-12-13 21:29:44,692 - INFO - Existing folders:
2024-12-13 21:29:44,692 - INFO -   - Matrika (ID: 2d31aeeb-3cee-4e60-8ddf-8ea9c2577a85)
2024-12-13 21:29:44,692 - INFO -   - Sociální služby (ID: cd440dad-19be-406c-bc97-d1b8439817d1)
2024-12-13 21:29:44,692 - INFO -   - Komunální odpad (ID: b672455c-7268-4a65-a137-e121ea358323)
2024-12-13 21:29:44,692 - INFO -   - Kácení dřevin (ID: daff4e6d-a044-401a-832d-3a747349cd3f)
2024-12-13 21:29:44,692 - INFO -   - Psi (ID: 96db49f3-429d-462a-ab7d-4bc9e22c4c0f)
2024-12-13 21:29:44,692 - INFO -   - Povinně zveřejňované informace (ID: ec01e459-c919-468b-8d5a-c874c04c2b1c)
2024-12-13 21:29:44,693 - INFO - Working with existing folder: Povinně zveřejňované informace
2024-12-13 21:30:57,542 - INFO - Found 39 documents
2024-12-13 21:30:57,544 - INFO - Skipping unchanged file: Poskytnutá informace ohledně veřejného osvětlení
2024-12-13 21:30:57,544 - INFO - Skipping unchanged file: Výroční zpráva za rok 2021 dle zák.č. 106/1999 Sb.
2024-12-13 21:30:57,544 - INFO - Skipping unchanged file: Poskytnutá informace ze dne 19.4.2022
2024-12-13 21:30:57,544 - INFO - Skipping unchanged file: Výroční zpráva za rok 2022 dle zákona č. 106/1999
2024-12-13 21:30:57,544 - INFO - Skipping unchanged file: Výroční zpráva za rok 2020 dle zák. 106/1999 Sb.
2024-12-13 21:30:57,544 - INFO - Skipping unchanged file: Střednědobý výhled rozpočtu na 2025- 2026
2024-12-13 21:30:57,544 - INFO - Skipping unchanged file: Rozpočet obce Ořechov 2024
2024-12-13 21:30:57,544 - INFO - Skipping unchanged file: Výroční zpráva za rok 2023 dle zák. 106/1999 Sb.
2024-12-13 21:30:57,544 - INFO - Skipping unchanged file: Střednědobý výhled rozpočtu na roky 2024-2025
2024-12-13 21:30:57,544 - INFO - Skipping unchanged file: Rozpočet obce na rok 2023
2024-12-13 21:30:57,544 - INFO - Skipping unchanged file: Poskytnutá informace ohledně  radaru 30.12.2022
2024-12-13 21:30:57,544 - INFO - Skipping unchanged file: Poskytnutá informace dle zák. 106/1999 Sb. - Lejtna
2024-12-13 21:30:57,544 - INFO - Skipping unchanged file: Výroční zpráva za rok 2019 dle zák.č. 106/1999 Sb.
2024-12-13 21:30:57,544 - INFO - Skipping unchanged file: Poskytnutá informace 20.8.2019
2024-12-13 21:30:57,544 - INFO - Skipping unchanged file: Výroční zpráva za rok 2018 dle zák.č. 106/1999 Sb.
2024-12-13 21:30:57,544 - INFO - Skipping unchanged file: Poskytnutá informace - odhad Pavlíkova 9
2024-12-13 21:30:57,544 - INFO - Skipping unchanged file: Poskytnutá informace ze dne 23.11.2018 -kastrační program
2024-12-13 21:30:57,544 - INFO - Skipping unchanged file: Poskytnutá informace 21.9.2018
2024-12-13 21:30:57,544 - INFO - Skipping unchanged file: Poskytnutá informace 5.9.2018
2024-12-13 21:30:57,544 - INFO - Skipping unchanged file: Poskytnutá informace 3.9.2018
2024-12-13 21:30:57,544 - INFO - Skipping unchanged file: Poskytnutá informace 5.6.2018
2024-12-13 21:30:57,544 - INFO - Skipping unchanged file: Poskytnutá informace 20.6.2018
2024-12-13 21:30:57,544 - INFO - Skipping unchanged file: Poskytnutá informace 23.10.2017
2024-12-13 21:30:57,544 - INFO - Skipping unchanged file: Výroční zpráva za rok 2017 dle zák. č. 106/1999 Sb.
2024-12-13 21:30:57,544 - INFO - Skipping unchanged file: Poskytnutá informace - Ambros
2024-12-13 21:30:57,544 - INFO - Skipping unchanged file: Poskytnutá informace - Kříž
2024-12-13 21:30:57,544 - INFO - Skipping unchanged file: Poskytnutá informace - Istav media 295
2024-12-13 21:30:57,544 - INFO - Skipping unchanged file: Poskytnutá informace - Istav media 154
2024-12-13 21:30:57,544 - INFO - Skipping unchanged file: Poskytnutá informace - Istav media 140
2024-12-13 21:30:57,544 - INFO - Skipping unchanged file: Poskytnutá informace - Busines 2015
2024-12-13 21:30:57,544 - INFO - Skipping unchanged file: Výroční zpráva za rok 2016 dle zák. 106/1999 Sb.
2024-12-13 21:30:57,544 - INFO - Skipping unchanged file: Výroční zpráva za rok 2015 dle zák. 106/1999 Sb.
2024-12-13 21:30:57,545 - INFO - Skipping unchanged file: Výroční zpráva za rok 2014 dle zák. 106/1999 Sb.
2024-12-13 21:30:57,545 - INFO - Skipping unchanged file: Výroční zpráva za rok 2013 dle zák. 106/1999 Sb.
2024-12-13 21:30:57,545 - INFO - Skipping unchanged file: Výroční zpráva za rok 2012 dle zák. 106/1999 Sb.
2024-12-13 21:30:57,545 - INFO - Skipping unchanged file: Výroční zpráva za rok 2011 dle zák. 106/1999 Sb.
2024-12-13 21:30:57,545 - INFO - Skipping unchanged file: Výroční zpráva za rok 2010 dle zák. 106/1999 Sb.
2024-12-13 21:30:57,545 - INFO - Skipping unchanged file: Výroční zpráva za rok 2009 dle zák. 106/1999 Sb.
2024-12-13 21:30:57,545 - INFO - Skipping unchanged file: Výroční zpráva za rok 2008 dle zák. 106/1999 Sb.
2024-12-13 21:30:57,548 - INFO - Processed 0 files
2024-12-13 21:30:57,548 - INFO - Total data processed: 0.00 B
2024-12-13 21:39:52,390 - INFO - Starting update process
2024-12-13 21:39:52,406 - INFO - Working with existing folder: Povinně zveřejňované informace
2024-12-13 21:41:07,414 - INFO - Found 39 documents
2024-12-13 21:41:07,415 - INFO - Skipping unchanged file: Poskytnutá informace ohledně veřejného osvětlení
2024-12-13 21:41:07,415 - INFO - Skipping unchanged file: Výroční zpráva za rok 2021 dle zák.č. 106/1999 Sb.
2024-12-13 21:41:07,415 - INFO - Skipping unchanged file: Poskytnutá informace ze dne 19.4.2022
2024-12-13 21:41:07,415 - INFO - Skipping unchanged file: Výroční zpráva za rok 2022 dle zákona č. 106/1999
2024-12-13 21:41:07,415 - INFO - Skipping unchanged file: Výroční zpráva za rok 2020 dle zák. 106/1999 Sb.
2024-12-13 21:41:07,415 - INFO - Skipping unchanged file: Střednědobý výhled rozpočtu na 2025- 2026
2024-12-13 21:41:07,415 - INFO - Skipping unchanged file: Rozpočet obce Ořechov 2024
2024-12-13 21:41:07,415 - INFO - Skipping unchanged file: Výroční zpráva za rok 2023 dle zák. 106/1999 Sb.
2024-12-13 21:41:07,415 - INFO - Skipping unchanged file: Střednědobý výhled rozpočtu na roky 2024-2025
2024-12-13 21:41:07,415 - INFO - Skipping unchanged file: Rozpočet obce na rok 2023
2024-12-13 21:41:07,415 - INFO - Skipping unchanged file: Poskytnutá informace ohledně  radaru 30.12.2022
2024-12-13 21:41:07,415 - INFO - Skipping unchanged file: Poskytnutá informace dle zák. 106/1999 Sb. - Lejtna
2024-12-13 21:41:07,415 - INFO - Skipping unchanged file: Výroční zpráva za rok 2019 dle zák.č. 106/1999 Sb.
2024-12-13 21:41:07,415 - INFO - Skipping unchanged file: Poskytnutá informace 20.8.2019
2024-12-13 21:41:07,415 - INFO - Skipping unchanged file: Výroční zpráva za rok 2018 dle zák.č. 106/1999 Sb.
2024-12-13 21:41:07,415 - INFO - Skipping unchanged file: Poskytnutá informace - odhad Pavlíkova 9
2024-12-13 21:41:07,415 - INFO - Skipping unchanged file: Poskytnutá informace ze dne 23.11.2018 -kastrační program
2024-12-13 21:41:07,415 - INFO - Skipping unchanged file: Poskytnutá informace 21.9.2018
2024-12-13 21:41:07,415 - INFO - Skipping unchanged file: Poskytnutá informace 5.9.2018
2024-12-13 21:41:07,415 - INFO - Skipping unchanged file: Poskytnutá informace 3.9.2018
2024-12-13 21:41:07,415 - INFO - Skipping unchanged file: Poskytnutá informace 5.6.2018
2024-12-13 21:41:07,415 - INFO - Skipping unchanged file: Poskytnutá informace 20.6.2018
2024-12-13 21:41:07,415 - INFO - Skipping unchanged file: Poskytnutá informace 23.10.2017
2024-12-13 21:41:07,415 - INFO - Skipping unchanged file: Výroční zpráva za rok 2017 dle zák. č. 106/1999 Sb.
2024-12-13 21:41:07,415 - INFO - Skipping unchanged file: Poskytnutá informace - Ambros
2024-12-13 21:41:07,415 - INFO - Skipping unchanged file: Poskytnutá informace - Kříž
2024-12-13 21:41:07,416 - INFO - Skipping unchanged file: Poskytnutá informace - Istav media 295
2024-12-13 21:41:07,416 - INFO - Skipping unchanged file: Poskytnutá informace - Istav media 154
2024-12-13 21:41:07,416 - INFO - Skipping unchanged file: Poskytnutá informace - Istav media 140
2024-12-13 21:41:07,416 - INFO - Skipping unchanged file: Poskytnutá informace - Busines 2015
2024-12-13 21:41:07,416 - INFO - Skipping unchanged file: Výroční zpráva za rok 2016 dle zák. 106/1999 Sb.
2024-12-13 21:41:07,416 - INFO - Skipping unchanged file: Výroční zpráva za rok 2015 dle zák. 106/1999 Sb.
2024-12-13 21:41:07,416 - INFO - Skipping unchanged file: Výroční zpráva za rok 2014 dle zák. 106/1999 Sb.
2024-12-13 21:41:07,416 - INFO - Skipping unchanged file: Výroční zpráva za rok 2013 dle zák. 106/1999 Sb.
2024-12-13 21:41:07,416 - INFO - Skipping unchanged file: Výroční zpráva za rok 2012 dle zák. 106/1999 Sb.
2024-12-13 21:41:07,416 - INFO - Skipping unchanged file: Výroční zpráva za rok 2011 dle zák. 106/1999 Sb.
2024-12-13 21:41:07,416 - INFO - Skipping unchanged file: Výroční zpráva za rok 2010 dle zák. 106/1999 Sb.
2024-12-13 21:41:07,416 - INFO - Skipping unchanged file: Výroční zpráva za rok 2009 dle zák. 106/1999 Sb.
2024-12-13 21:41:07,416 - INFO - Skipping unchanged file: Výroční zpráva za rok 2008 dle zák. 106/1999 Sb.
2024-12-13 21:41:07,421 - INFO - Processed 0 files
2024-12-13 21:41:07,421 - INFO - Total data processed: 0.00 B
2024-12-13 21:46:41,101 - INFO - Starting update process
2024-12-13 21:46:41,116 - INFO - Created new folder: Povinně zveřejňované informace
2024-12-13 21:47:52,718 - INFO - Found 39 documents
2024-12-13 21:47:56,526 - INFO - Added new file: Poskytnutá informace ohledně veřejného osvětlení
2024-12-13 21:47:59,686 - INFO - Added new file: Výroční zpráva za rok 2021 dle zák.č. 106/1999 Sb.
2024-12-13 21:48:03,302 - INFO - Added new file: Poskytnutá informace ze dne 19.4.2022
2024-12-13 21:48:06,573 - INFO - Added new file: Výroční zpráva za rok 2022 dle zákona č. 106/1999
2024-12-13 21:48:10,099 - INFO - Added new file: Výroční zpráva za rok 2020 dle zák. 106/1999 Sb.
2024-12-13 21:48:13,696 - INFO - Added new file: Střednědobý výhled rozpočtu na 2025- 2026
2024-12-13 21:48:17,231 - INFO - Added new file: Rozpočet obce Ořechov 2024
2024-12-13 21:48:20,791 - INFO - Added new file: Výroční zpráva za rok 2023 dle zák. 106/1999 Sb.
2024-12-13 21:48:24,080 - INFO - Added new file: Střednědobý výhled rozpočtu na roky 2024-2025
2024-12-13 21:48:27,690 - INFO - Added new file: Rozpočet obce na rok 2023
2024-12-13 21:48:31,757 - INFO - Added new file: Poskytnutá informace ohledně  radaru 30.12.2022
2024-12-13 21:48:35,658 - INFO - Added new file: Poskytnutá informace dle zák. 106/1999 Sb. - Lejtna
2024-12-13 21:48:38,874 - INFO - Added new file: Výroční zpráva za rok 2019 dle zák.č. 106/1999 Sb.
2024-12-13 21:48:42,382 - INFO - Added new file: Poskytnutá informace 20.8.2019
2024-12-13 21:48:45,730 - INFO - Added new file: Výroční zpráva za rok 2018 dle zák.č. 106/1999 Sb.
2024-12-13 21:48:49,671 - INFO - Added new file: Poskytnutá informace - odhad Pavlíkova 9
2024-12-13 21:48:53,083 - INFO - Added new file: Poskytnutá informace ze dne 23.11.2018 -kastrační program
2024-12-13 21:48:56,594 - INFO - Added new file: Poskytnutá informace 21.9.2018
2024-12-13 21:49:00,268 - INFO - Added new file: Poskytnutá informace 5.9.2018
2024-12-13 21:49:03,876 - INFO - Added new file: Poskytnutá informace 3.9.2018
2024-12-13 21:49:07,762 - INFO - Added new file: Poskytnutá informace 5.6.2018
2024-12-13 21:49:11,349 - INFO - Added new file: Poskytnutá informace 20.6.2018
2024-12-13 21:49:15,010 - INFO - Added new file: Poskytnutá informace 23.10.2017
2024-12-13 21:49:18,930 - INFO - Added new file: Výroční zpráva za rok 2017 dle zák. č. 106/1999 Sb.
2024-12-13 21:49:22,775 - INFO - Added new file: Poskytnutá informace - Ambros
2024-12-13 21:49:26,359 - INFO - Added new file: Poskytnutá informace - Kříž
2024-12-13 21:49:30,319 - INFO - Added new file: Poskytnutá informace - Istav media 295
2024-12-13 21:49:33,857 - INFO - Added new file: Poskytnutá informace - Istav media 154
2024-12-13 21:49:37,613 - INFO - Added new file: Poskytnutá informace - Istav media 140
2024-12-13 21:49:41,164 - INFO - Added new file: Poskytnutá informace - Busines 2015
2024-12-13 21:49:44,672 - INFO - Added new file: Výroční zpráva za rok 2016 dle zák. 106/1999 Sb.
2024-12-13 21:49:48,171 - INFO - Added new file: Výroční zpráva za rok 2015 dle zák. 106/1999 Sb.
2024-12-13 21:49:51,961 - INFO - Added new file: Výroční zpráva za rok 2014 dle zák. 106/1999 Sb.
2024-12-13 21:49:55,642 - INFO - Added new file: Výroční zpráva za rok 2013 dle zák. 106/1999 Sb.
2024-12-13 21:49:59,047 - INFO - Added new file: Výroční zpráva za rok 2012 dle zák. 106/1999 Sb.
2024-12-13 21:50:03,259 - INFO - Added new file: Výroční zpráva za rok 2011 dle zák. 106/1999 Sb.
2024-12-13 21:50:07,072 - INFO - Added new file: Výroční zpráva za rok 2010 dle zák. 106/1999 Sb.
2024-12-13 21:50:10,316 - INFO - Added new file: Výroční zpráva za rok 2009 dle zák. 106/1999 Sb.
2024-12-13 21:50:13,937 - INFO - Added new file: Výroční zpráva za rok 2008 dle zák. 106/1999 Sb.
2024-12-13 21:50:13,940 - INFO - Processed 39 files
2024-12-13 21:50:13,941 - INFO - Total data processed: 12.39 MB
2024-12-13 22:14:45,661 - INFO - Starting update process
2024-12-13 22:14:45,677 - INFO - Working with existing folder: Povinně zveřejňované informace
2024-12-13 22:15:59,245 - INFO - Found 39 documents
2024-12-13 22:15:59,246 - INFO - Skipping unchanged file: Poskytnutá informace ohledně veřejného osvětlení
2024-12-13 22:15:59,246 - INFO - Skipping unchanged file: Výroční zpráva za rok 2021 dle zák.č. 106/1999 Sb.
2024-12-13 22:15:59,246 - INFO - Skipping unchanged file: Poskytnutá informace ze dne 19.4.2022
2024-12-13 22:15:59,246 - INFO - Skipping unchanged file: Výroční zpráva za rok 2022 dle zákona č. 106/1999
2024-12-13 22:15:59,246 - INFO - Skipping unchanged file: Výroční zpráva za rok 2020 dle zák. 106/1999 Sb.
2024-12-13 22:15:59,246 - INFO - Skipping unchanged file: Střednědobý výhled rozpočtu na 2025- 2026
2024-12-13 22:15:59,246 - INFO - Skipping unchanged file: Rozpočet obce Ořechov 2024
2024-12-13 22:15:59,246 - INFO - Skipping unchanged file: Výroční zpráva za rok 2023 dle zák. 106/1999 Sb.
2024-12-13 22:15:59,246 - INFO - Skipping unchanged file: Střednědobý výhled rozpočtu na roky 2024-2025
2024-12-13 22:15:59,247 - INFO - Skipping unchanged file: Rozpočet obce na rok 2023
2024-12-13 22:15:59,247 - INFO - Skipping unchanged file: Poskytnutá informace ohledně  radaru 30.12.2022
2024-12-13 22:15:59,247 - INFO - Skipping unchanged file: Poskytnutá informace dle zák. 106/1999 Sb. - Lejtna
2024-12-13 22:15:59,247 - INFO - Skipping unchanged file: Výroční zpráva za rok 2019 dle zák.č. 106/1999 Sb.
2024-12-13 22:15:59,247 - INFO - Skipping unchanged file: Poskytnutá informace 20.8.2019
2024-12-13 22:15:59,247 - INFO - Skipping unchanged file: Výroční zpráva za rok 2018 dle zák.č. 106/1999 Sb.
2024-12-13 22:15:59,247 - INFO - Skipping unchanged file: Poskytnutá informace - odhad Pavlíkova 9
2024-12-13 22:15:59,247 - INFO - Skipping unchanged file: Poskytnutá informace ze dne 23.11.2018 -kastrační program
2024-12-13 22:15:59,247 - INFO - Skipping unchanged file: Poskytnutá informace 21.9.2018
2024-12-13 22:15:59,247 - INFO - Skipping unchanged file: Poskytnutá informace 5.9.2018
2024-12-13 22:15:59,247 - INFO - Skipping unchanged file: Poskytnutá informace 3.9.2018
2024-12-13 22:15:59,247 - INFO - Skipping unchanged file: Poskytnutá informace 5.6.2018
2024-12-13 22:15:59,247 - INFO - Skipping unchanged file: Poskytnutá informace 20.6.2018
2024-12-13 22:15:59,247 - INFO - Skipping unchanged file: Poskytnutá informace 23.10.2017
2024-12-13 22:15:59,247 - INFO - Skipping unchanged file: Výroční zpráva za rok 2017 dle zák. č. 106/1999 Sb.
2024-12-13 22:15:59,247 - INFO - Skipping unchanged file: Poskytnutá informace - Ambros
2024-12-13 22:15:59,247 - INFO - Skipping unchanged file: Poskytnutá informace - Kříž
2024-12-13 22:15:59,247 - INFO - Skipping unchanged file: Poskytnutá informace - Istav media 295
2024-12-13 22:15:59,247 - INFO - Skipping unchanged file: Poskytnutá informace - Istav media 154
2024-12-13 22:15:59,247 - INFO - Skipping unchanged file: Poskytnutá informace - Istav media 140
2024-12-13 22:15:59,247 - INFO - Skipping unchanged file: Poskytnutá informace - Busines 2015
2024-12-13 22:15:59,247 - INFO - Skipping unchanged file: Výroční zpráva za rok 2016 dle zák. 106/1999 Sb.
2024-12-13 22:15:59,247 - INFO - Skipping unchanged file: Výroční zpráva za rok 2015 dle zák. 106/1999 Sb.
2024-12-13 22:15:59,247 - INFO - Skipping unchanged file: Výroční zpráva za rok 2014 dle zák. 106/1999 Sb.
2024-12-13 22:15:59,247 - INFO - Skipping unchanged file: Výroční zpráva za rok 2013 dle zák. 106/1999 Sb.
2024-12-13 22:15:59,247 - INFO - Skipping unchanged file: Výroční zpráva za rok 2012 dle zák. 106/1999 Sb.
2024-12-13 22:15:59,247 - INFO - Skipping unchanged file: Výroční zpráva za rok 2011 dle zák. 106/1999 Sb.
2024-12-13 22:15:59,247 - INFO - Skipping unchanged file: Výroční zpráva za rok 2010 dle zák. 106/1999 Sb.
2024-12-13 22:15:59,247 - INFO - Skipping unchanged file: Výroční zpráva za rok 2009 dle zák. 106/1999 Sb.
2024-12-13 22:15:59,247 - INFO - Skipping unchanged file: Výroční zpráva za rok 2008 dle zák. 106/1999 Sb.
2024-12-13 22:15:59,250 - INFO - Processed 0 files
2024-12-13 22:15:59,251 - INFO - Total data processed: 0.00 B
2024-12-13 22:18:21,311 - INFO - Starting update process
2024-12-13 22:18:21,327 - INFO - Working with existing folder: Povinně zveřejňované informace
2024-12-13 22:18:25,558 - ERROR - Received content-type header: application/pdf for https://www.orechovubrna.cz/obecni-urad/povinne-zverejnovane-informace/soubory/Poskytnutá informace ohledně veřejného osvětlení-1692.pdf
2024-12-13 22:18:25,558 - ERROR - Determined MIME type from header: application/pdf for https://www.orechovubrna.cz/obecni-urad/povinne-zverejnovane-informace/soubory/Poskytnutá informace ohledně veřejného osvětlení-1692.pdf
2024-12-13 22:18:27,266 - ERROR - Received content-type header: application/msword for https://www.orechovubrna.cz/obecni-urad/povinne-zverejnovane-informace/soubory/Výroční zpráva za rok 2021 dle zák.č. 106/1999 Sb.-1688.doc
2024-12-13 22:18:27,266 - ERROR - Determined MIME type from header: application/msword for https://www.orechovubrna.cz/obecni-urad/povinne-zverejnovane-informace/soubory/Výroční zpráva za rok 2021 dle zák.č. 106/1999 Sb.-1688.doc
2024-12-13 22:18:28,936 - ERROR - Received content-type header: application/force-download for https://www.orechovubrna.cz/obecni-urad/povinne-zverejnovane-informace/soubory/Poskytnutá informace ze dne 19.4.2022-1687.docx
2024-12-13 22:18:28,936 - ERROR - Determined MIME type from extension: application/vnd.openxmlformats-officedocument.wordprocessingml.document for https://www.orechovubrna.cz/obecni-urad/povinne-zverejnovane-informace/soubory/Poskytnutá informace ze dne 19.4.2022-1687.docx
2024-12-13 22:18:30,618 - ERROR - Received content-type header: application/msword for https://www.orechovubrna.cz/obecni-urad/povinne-zverejnovane-informace/soubory/Výroční zpráva za rok 2022 dle zákona č. 106/1999-1685.doc
2024-12-13 22:18:30,618 - ERROR - Determined MIME type from header: application/msword for https://www.orechovubrna.cz/obecni-urad/povinne-zverejnovane-informace/soubory/Výroční zpráva za rok 2022 dle zákona č. 106/1999-1685.doc
2024-12-13 22:18:32,359 - ERROR - Received content-type header: application/msword for https://www.orechovubrna.cz/obecni-urad/povinne-zverejnovane-informace/soubory/Výroční zpráva za rok 2020 dle zák. 106/1999 Sb.-1684.doc
2024-12-13 22:18:32,359 - ERROR - Determined MIME type from header: application/msword for https://www.orechovubrna.cz/obecni-urad/povinne-zverejnovane-informace/soubory/Výroční zpráva za rok 2020 dle zák. 106/1999 Sb.-1684.doc
2024-12-13 22:18:34,187 - ERROR - Received content-type header: application/pdf for https://www.orechovubrna.cz/obecni-urad/povinne-zverejnovane-informace/soubory/Střednědobý výhled rozpočtu na 2025- 2026-1663.pdf
2024-12-13 22:18:34,187 - ERROR - Determined MIME type from header: application/pdf for https://www.orechovubrna.cz/obecni-urad/povinne-zverejnovane-informace/soubory/Střednědobý výhled rozpočtu na 2025- 2026-1663.pdf
2024-12-13 22:18:36,047 - ERROR - Received content-type header: application/pdf for https://www.orechovubrna.cz/obecni-urad/povinne-zverejnovane-informace/soubory/Rozpočet obce Ořechov 2024-1662.pdf
2024-12-13 22:18:36,047 - ERROR - Determined MIME type from header: application/pdf for https://www.orechovubrna.cz/obecni-urad/povinne-zverejnovane-informace/soubory/Rozpočet obce Ořechov 2024-1662.pdf
2024-12-13 22:18:37,895 - ERROR - Received content-type header: application/pdf for https://www.orechovubrna.cz/obecni-urad/povinne-zverejnovane-informace/soubory/Výroční zpráva za rok 2023 dle zák. 106/1999 Sb.-1629.pdf
2024-12-13 22:18:37,895 - ERROR - Determined MIME type from header: application/pdf for https://www.orechovubrna.cz/obecni-urad/povinne-zverejnovane-informace/soubory/Výroční zpráva za rok 2023 dle zák. 106/1999 Sb.-1629.pdf
2024-12-13 22:18:39,642 - ERROR - Received content-type header: application/pdf for https://www.orechovubrna.cz/obecni-urad/povinne-zverejnovane-informace/soubory/Střednědobý výhled rozpočtu na roky 2024-2025-1515.pdf
2024-12-13 22:18:39,643 - ERROR - Determined MIME type from header: application/pdf for https://www.orechovubrna.cz/obecni-urad/povinne-zverejnovane-informace/soubory/Střednědobý výhled rozpočtu na roky 2024-2025-1515.pdf
2024-12-13 22:18:41,344 - ERROR - Received content-type header: application/pdf for https://www.orechovubrna.cz/obecni-urad/povinne-zverejnovane-informace/soubory/Rozpočet obce na rok 2023-1514.pdf
2024-12-13 22:18:41,345 - ERROR - Determined MIME type from header: application/pdf for https://www.orechovubrna.cz/obecni-urad/povinne-zverejnovane-informace/soubory/Rozpočet obce na rok 2023-1514.pdf
2024-12-13 22:18:43,202 - ERROR - Received content-type header: application/pdf for https://www.orechovubrna.cz/obecni-urad/povinne-zverejnovane-informace/soubory/Poskytnutá informace ohledně  radaru 30.12.2022-1490.pdf
2024-12-13 22:18:43,202 - ERROR - Determined MIME type from header: application/pdf for https://www.orechovubrna.cz/obecni-urad/povinne-zverejnovane-informace/soubory/Poskytnutá informace ohledně  radaru 30.12.2022-1490.pdf
2024-12-13 22:18:44,962 - ERROR - Received content-type header: application/force-download for https://www.orechovubrna.cz/obecni-urad/povinne-zverejnovane-informace/soubory/Poskytnutá informace dle zák. 106/1999 Sb. - Lejtna-1287.docx
2024-12-13 22:18:44,962 - ERROR - Determined MIME type from extension: application/vnd.openxmlformats-officedocument.wordprocessingml.document for https://www.orechovubrna.cz/obecni-urad/povinne-zverejnovane-informace/soubory/Poskytnutá informace dle zák. 106/1999 Sb. - Lejtna-1287.docx
2024-12-13 22:18:46,659 - ERROR - Received content-type header: application/msword for https://www.orechovubrna.cz/obecni-urad/povinne-zverejnovane-informace/soubory/Výroční zpráva za rok 2019 dle zák.č. 106/1999 Sb.-924.doc
2024-12-13 22:18:46,659 - ERROR - Determined MIME type from header: application/msword for https://www.orechovubrna.cz/obecni-urad/povinne-zverejnovane-informace/soubory/Výroční zpráva za rok 2019 dle zák.č. 106/1999 Sb.-924.doc
2024-12-13 22:18:48,217 - ERROR - Received content-type header: application/force-download for https://www.orechovubrna.cz/obecni-urad/povinne-zverejnovane-informace/soubory/Poskytnutá informace 20.8.2019-867.docx
2024-12-13 22:18:48,217 - ERROR - Determined MIME type from extension: application/vnd.openxmlformats-officedocument.wordprocessingml.document for https://www.orechovubrna.cz/obecni-urad/povinne-zverejnovane-informace/soubory/Poskytnutá informace 20.8.2019-867.docx
2024-12-13 22:18:49,997 - ERROR - Received content-type header: application/msword for https://www.orechovubrna.cz/obecni-urad/povinne-zverejnovane-informace/soubory/Výroční zpráva za rok 2018 dle zák.č. 106/1999 Sb.-809.doc
2024-12-13 22:18:49,997 - ERROR - Determined MIME type from header: application/msword for https://www.orechovubrna.cz/obecni-urad/povinne-zverejnovane-informace/soubory/Výroční zpráva za rok 2018 dle zák.č. 106/1999 Sb.-809.doc
2024-12-13 22:18:52,009 - ERROR - Received content-type header: application/pdf for https://www.orechovubrna.cz/obecni-urad/povinne-zverejnovane-informace/soubory/Poskytnutá informace - odhad Pavlíkova 9-791.pdf
2024-12-13 22:18:52,009 - ERROR - Determined MIME type from header: application/pdf for https://www.orechovubrna.cz/obecni-urad/povinne-zverejnovane-informace/soubory/Poskytnutá informace - odhad Pavlíkova 9-791.pdf
2024-12-13 22:18:53,879 - ERROR - Received content-type header: application/pdf for https://www.orechovubrna.cz/obecni-urad/povinne-zverejnovane-informace/soubory/Poskytnutá informace ze dne 23.11.2018 -kastrační program-771.pdf
2024-12-13 22:18:53,879 - ERROR - Determined MIME type from header: application/pdf for https://www.orechovubrna.cz/obecni-urad/povinne-zverejnovane-informace/soubory/Poskytnutá informace ze dne 23.11.2018 -kastrační program-771.pdf
2024-12-13 22:18:55,916 - ERROR - Received content-type header: application/pdf for https://www.orechovubrna.cz/obecni-urad/povinne-zverejnovane-informace/soubory/Poskytnutá informace 21.9.2018-749.pdf
2024-12-13 22:18:55,917 - ERROR - Determined MIME type from header: application/pdf for https://www.orechovubrna.cz/obecni-urad/povinne-zverejnovane-informace/soubory/Poskytnutá informace 21.9.2018-749.pdf
2024-12-13 22:18:58,634 - ERROR - Received content-type header: application/pdf for https://www.orechovubrna.cz/obecni-urad/povinne-zverejnovane-informace/soubory/Poskytnutá informace 5.9.2018-747.pdf
2024-12-13 22:18:58,634 - ERROR - Determined MIME type from header: application/pdf for https://www.orechovubrna.cz/obecni-urad/povinne-zverejnovane-informace/soubory/Poskytnutá informace 5.9.2018-747.pdf
2024-12-13 22:19:00,738 - ERROR - Received content-type header: application/pdf for https://www.orechovubrna.cz/obecni-urad/povinne-zverejnovane-informace/soubory/Poskytnutá informace 3.9.2018-746.pdf
2024-12-13 22:19:00,738 - ERROR - Determined MIME type from header: application/pdf for https://www.orechovubrna.cz/obecni-urad/povinne-zverejnovane-informace/soubory/Poskytnutá informace 3.9.2018-746.pdf
2024-12-13 22:19:02,802 - ERROR - Received content-type header: application/pdf for https://www.orechovubrna.cz/obecni-urad/povinne-zverejnovane-informace/soubory/Poskytnutá informace 5.6.2018-731.pdf
2024-12-13 22:19:02,802 - ERROR - Determined MIME type from header: application/pdf for https://www.orechovubrna.cz/obecni-urad/povinne-zverejnovane-informace/soubory/Poskytnutá informace 5.6.2018-731.pdf
2024-12-13 22:19:04,578 - ERROR - Received content-type header: application/pdf for https://www.orechovubrna.cz/obecni-urad/povinne-zverejnovane-informace/soubory/Poskytnutá informace 20.6.2018-730.pdf
2024-12-13 22:19:04,578 - ERROR - Determined MIME type from header: application/pdf for https://www.orechovubrna.cz/obecni-urad/povinne-zverejnovane-informace/soubory/Poskytnutá informace 20.6.2018-730.pdf
2024-12-13 22:19:06,387 - ERROR - Received content-type header: application/pdf for https://www.orechovubrna.cz/obecni-urad/povinne-zverejnovane-informace/soubory/Poskytnutá informace 23.10.2017-678.pdf
2024-12-13 22:19:06,387 - ERROR - Determined MIME type from header: application/pdf for https://www.orechovubrna.cz/obecni-urad/povinne-zverejnovane-informace/soubory/Poskytnutá informace 23.10.2017-678.pdf
2024-12-13 22:19:08,174 - ERROR - Received content-type header: application/msword for https://www.orechovubrna.cz/obecni-urad/povinne-zverejnovane-informace/soubory/Výroční zpráva za rok 2017 dle zák. č. 106/1999 Sb.-677.doc
2024-12-13 22:19:08,175 - ERROR - Determined MIME type from header: application/msword for https://www.orechovubrna.cz/obecni-urad/povinne-zverejnovane-informace/soubory/Výroční zpráva za rok 2017 dle zák. č. 106/1999 Sb.-677.doc
2024-12-13 22:19:10,054 - ERROR - Received content-type header: application/force-download for https://www.orechovubrna.cz/obecni-urad/povinne-zverejnovane-informace/soubory/Poskytnutá informace - Ambros-547.docx
2024-12-13 22:19:10,055 - ERROR - Determined MIME type from extension: application/vnd.openxmlformats-officedocument.wordprocessingml.document for https://www.orechovubrna.cz/obecni-urad/povinne-zverejnovane-informace/soubory/Poskytnutá informace - Ambros-547.docx
2024-12-13 22:19:12,041 - ERROR - Received content-type header: application/force-download for https://www.orechovubrna.cz/obecni-urad/povinne-zverejnovane-informace/soubory/Poskytnutá informace - Kříž-544.docx
2024-12-13 22:19:12,042 - ERROR - Determined MIME type from extension: application/vnd.openxmlformats-officedocument.wordprocessingml.document for https://www.orechovubrna.cz/obecni-urad/povinne-zverejnovane-informace/soubory/Poskytnutá informace - Kříž-544.docx
2024-12-13 22:19:13,751 - ERROR - Received content-type header: application/msword for https://www.orechovubrna.cz/obecni-urad/povinne-zverejnovane-informace/soubory/Poskytnutá informace - Istav media 295-543.doc
2024-12-13 22:19:13,752 - ERROR - Determined MIME type from header: application/msword for https://www.orechovubrna.cz/obecni-urad/povinne-zverejnovane-informace/soubory/Poskytnutá informace - Istav media 295-543.doc
2024-12-13 22:19:15,712 - ERROR - Received content-type header: application/msword for https://www.orechovubrna.cz/obecni-urad/povinne-zverejnovane-informace/soubory/Poskytnutá informace - Istav media 154-542.doc
2024-12-13 22:19:15,712 - ERROR - Determined MIME type from header: application/msword for https://www.orechovubrna.cz/obecni-urad/povinne-zverejnovane-informace/soubory/Poskytnutá informace - Istav media 154-542.doc
2024-12-13 22:19:17,570 - ERROR - Received content-type header: application/msword for https://www.orechovubrna.cz/obecni-urad/povinne-zverejnovane-informace/soubory/Poskytnutá informace - Istav media 140-541.doc
2024-12-13 22:19:17,570 - ERROR - Determined MIME type from header: application/msword for https://www.orechovubrna.cz/obecni-urad/povinne-zverejnovane-informace/soubory/Poskytnutá informace - Istav media 140-541.doc
2024-12-13 22:19:19,466 - ERROR - Received content-type header: application/msword for https://www.orechovubrna.cz/obecni-urad/povinne-zverejnovane-informace/soubory/Poskytnutá informace - Busines 2015-540.doc
2024-12-13 22:19:19,467 - ERROR - Determined MIME type from header: application/msword for https://www.orechovubrna.cz/obecni-urad/povinne-zverejnovane-informace/soubory/Poskytnutá informace - Busines 2015-540.doc
2024-12-13 22:19:21,164 - ERROR - Received content-type header: application/pdf for https://www.orechovubrna.cz/obecni-urad/povinne-zverejnovane-informace/soubory/Výroční zpráva za rok 2016 dle zák. 106/1999 Sb.-516.pdf
2024-12-13 22:19:21,164 - ERROR - Determined MIME type from header: application/pdf for https://www.orechovubrna.cz/obecni-urad/povinne-zverejnovane-informace/soubory/Výroční zpráva za rok 2016 dle zák. 106/1999 Sb.-516.pdf
2024-12-13 22:19:23,004 - ERROR - Received content-type header: application/pdf for https://www.orechovubrna.cz/obecni-urad/povinne-zverejnovane-informace/soubory/Výroční zpráva za rok 2015 dle zák. 106/1999 Sb.-443.pdf
2024-12-13 22:19:23,004 - ERROR - Determined MIME type from header: application/pdf for https://www.orechovubrna.cz/obecni-urad/povinne-zverejnovane-informace/soubory/Výroční zpráva za rok 2015 dle zák. 106/1999 Sb.-443.pdf
2024-12-13 22:19:24,871 - ERROR - Received content-type header: application/pdf for https://www.orechovubrna.cz/obecni-urad/povinne-zverejnovane-informace/soubory/Výroční zpráva za rok 2014 dle zák. 106/1999 Sb.-379.pdf
2024-12-13 22:19:24,871 - ERROR - Determined MIME type from header: application/pdf for https://www.orechovubrna.cz/obecni-urad/povinne-zverejnovane-informace/soubory/Výroční zpráva za rok 2014 dle zák. 106/1999 Sb.-379.pdf
2024-12-13 22:19:26,605 - ERROR - Received content-type header: application/pdf for https://www.orechovubrna.cz/obecni-urad/povinne-zverejnovane-informace/soubory/Výroční zpráva za rok 2013 dle zák. 106/1999 Sb.-260.pdf
2024-12-13 22:19:26,605 - ERROR - Determined MIME type from header: application/pdf for https://www.orechovubrna.cz/obecni-urad/povinne-zverejnovane-informace/soubory/Výroční zpráva za rok 2013 dle zák. 106/1999 Sb.-260.pdf
2024-12-13 22:19:28,455 - ERROR - Received content-type header: application/msword for https://www.orechovubrna.cz/obecni-urad/povinne-zverejnovane-informace/soubory/Výroční zpráva za rok 2012 dle zák. 106/1999 Sb.-142.doc
2024-12-13 22:19:28,456 - ERROR - Determined MIME type from header: application/msword for https://www.orechovubrna.cz/obecni-urad/povinne-zverejnovane-informace/soubory/Výroční zpráva za rok 2012 dle zák. 106/1999 Sb.-142.doc
2024-12-13 22:19:30,043 - ERROR - Received content-type header: application/pdf for https://www.orechovubrna.cz/obecni-urad/povinne-zverejnovane-informace/soubory/Výroční zpráva za rok 2011 dle zák. 106/1999 Sb.-104.pdf
2024-12-13 22:19:30,043 - ERROR - Determined MIME type from header: application/pdf for https://www.orechovubrna.cz/obecni-urad/povinne-zverejnovane-informace/soubory/Výroční zpráva za rok 2011 dle zák. 106/1999 Sb.-104.pdf
2024-12-13 22:19:31,891 - ERROR - Received content-type header: application/pdf for https://www.orechovubrna.cz/obecni-urad/povinne-zverejnovane-informace/soubory/ Výroční zpráva za rok 2010 dle zák. 106/1999 Sb.-77.pdf
2024-12-13 22:19:31,891 - ERROR - Determined MIME type from header: application/pdf for https://www.orechovubrna.cz/obecni-urad/povinne-zverejnovane-informace/soubory/ Výroční zpráva za rok 2010 dle zák. 106/1999 Sb.-77.pdf
2024-12-13 22:19:33,858 - ERROR - Received content-type header: application/pdf for https://www.orechovubrna.cz/obecni-urad/povinne-zverejnovane-informace/soubory/Výroční zpráva za rok 2009 dle zák. 106/1999 Sb.-40.pdf
2024-12-13 22:19:33,859 - ERROR - Determined MIME type from header: application/pdf for https://www.orechovubrna.cz/obecni-urad/povinne-zverejnovane-informace/soubory/Výroční zpráva za rok 2009 dle zák. 106/1999 Sb.-40.pdf
2024-12-13 22:19:35,578 - ERROR - Received content-type header: application/pdf for https://www.orechovubrna.cz/obecni-urad/povinne-zverejnovane-informace/soubory/Výroční zpráva za rok 2008 dle zák. 106/1999 Sb.-39.pdf
2024-12-13 22:19:35,578 - ERROR - Determined MIME type from header: application/pdf for https://www.orechovubrna.cz/obecni-urad/povinne-zverejnovane-informace/soubory/Výroční zpráva za rok 2008 dle zák. 106/1999 Sb.-39.pdf
2024-12-13 22:19:35,578 - INFO - Found 39 documents
2024-12-13 22:19:35,580 - INFO - Skipping unchanged file: Poskytnutá informace ohledně veřejného osvětlení
2024-12-13 22:19:35,580 - INFO - Skipping unchanged file: Výroční zpráva za rok 2021 dle zák.č. 106/1999 Sb.
2024-12-13 22:19:35,580 - INFO - Skipping unchanged file: Poskytnutá informace ze dne 19.4.2022
2024-12-13 22:19:35,580 - INFO - Skipping unchanged file: Výroční zpráva za rok 2022 dle zákona č. 106/1999
2024-12-13 22:19:35,580 - INFO - Skipping unchanged file: Výroční zpráva za rok 2020 dle zák. 106/1999 Sb.
2024-12-13 22:19:35,580 - INFO - Skipping unchanged file: Střednědobý výhled rozpočtu na 2025- 2026
2024-12-13 22:19:35,580 - INFO - Skipping unchanged file: Rozpočet obce Ořechov 2024
2024-12-13 22:19:35,580 - INFO - Skipping unchanged file: Výroční zpráva za rok 2023 dle zák. 106/1999 Sb.
2024-12-13 22:19:35,580 - INFO - Skipping unchanged file: Střednědobý výhled rozpočtu na roky 2024-2025
2024-12-13 22:19:35,580 - INFO - Skipping unchanged file: Rozpočet obce na rok 2023
2024-12-13 22:19:35,580 - INFO - Skipping unchanged file: Poskytnutá informace ohledně  radaru 30.12.2022
2024-12-13 22:19:35,580 - INFO - Skipping unchanged file: Poskytnutá informace dle zák. 106/1999 Sb. - Lejtna
2024-12-13 22:19:35,580 - INFO - Skipping unchanged file: Výroční zpráva za rok 2019 dle zák.č. 106/1999 Sb.
2024-12-13 22:19:35,580 - INFO - Skipping unchanged file: Poskytnutá informace 20.8.2019
2024-12-13 22:19:35,580 - INFO - Skipping unchanged file: Výroční zpráva za rok 2018 dle zák.č. 106/1999 Sb.
2024-12-13 22:19:35,580 - INFO - Skipping unchanged file: Poskytnutá informace - odhad Pavlíkova 9
2024-12-13 22:19:35,580 - INFO - Skipping unchanged file: Poskytnutá informace ze dne 23.11.2018 -kastrační program
2024-12-13 22:19:35,581 - INFO - Skipping unchanged file: Poskytnutá informace 21.9.2018
2024-12-13 22:19:35,581 - INFO - Skipping unchanged file: Poskytnutá informace 5.9.2018
2024-12-13 22:19:35,581 - INFO - Skipping unchanged file: Poskytnutá informace 3.9.2018
2024-12-13 22:19:35,581 - INFO - Skipping unchanged file: Poskytnutá informace 5.6.2018
2024-12-13 22:19:35,581 - INFO - Skipping unchanged file: Poskytnutá informace 20.6.2018
2024-12-13 22:19:35,581 - INFO - Skipping unchanged file: Poskytnutá informace 23.10.2017
2024-12-13 22:19:35,581 - INFO - Skipping unchanged file: Výroční zpráva za rok 2017 dle zák. č. 106/1999 Sb.
2024-12-13 22:19:35,581 - INFO - Skipping unchanged file: Poskytnutá informace - Ambros
2024-12-13 22:19:35,581 - INFO - Skipping unchanged file: Poskytnutá informace - Kříž
2024-12-13 22:19:35,581 - INFO - Skipping unchanged file: Poskytnutá informace - Istav media 295
2024-12-13 22:19:35,581 - INFO - Skipping unchanged file: Poskytnutá informace - Istav media 154
2024-12-13 22:19:35,581 - INFO - Skipping unchanged file: Poskytnutá informace - Istav media 140
2024-12-13 22:19:35,581 - INFO - Skipping unchanged file: Poskytnutá informace - Busines 2015
2024-12-13 22:19:35,581 - INFO - Skipping unchanged file: Výroční zpráva za rok 2016 dle zák. 106/1999 Sb.
2024-12-13 22:19:35,581 - INFO - Skipping unchanged file: Výroční zpráva za rok 2015 dle zák. 106/1999 Sb.
2024-12-13 22:19:35,581 - INFO - Skipping unchanged file: Výroční zpráva za rok 2014 dle zák. 106/1999 Sb.
2024-12-13 22:19:35,581 - INFO - Skipping unchanged file: Výroční zpráva za rok 2013 dle zák. 106/1999 Sb.
2024-12-13 22:19:35,581 - INFO - Skipping unchanged file: Výroční zpráva za rok 2012 dle zák. 106/1999 Sb.
2024-12-13 22:19:35,581 - INFO - Skipping unchanged file: Výroční zpráva za rok 2011 dle zák. 106/1999 Sb.
2024-12-13 22:19:35,581 - INFO - Skipping unchanged file: Výroční zpráva za rok 2010 dle zák. 106/1999 Sb.
2024-12-13 22:19:35,581 - INFO - Skipping unchanged file: Výroční zpráva za rok 2009 dle zák. 106/1999 Sb.
2024-12-13 22:19:35,581 - INFO - Skipping unchanged file: Výroční zpráva za rok 2008 dle zák. 106/1999 Sb.
2024-12-13 22:19:35,584 - INFO - Processed 0 files
2024-12-13 22:19:35,584 - INFO - Total data processed: 0.00 B
