2024-12-05 02:47:09,056 - INFO - Starting update process
2024-12-05 02:47:09,073 - INFO - Working with existing folder: Psi
2024-12-05 02:47:22,300 - INFO - Found 3 documents
2024-12-05 02:47:22,301 - INFO - Skipping unchanged file: Přihlášení k poplatku za psa
2024-12-05 02:47:22,301 - INFO - Skipping unchanged file: Odhlášení poplatku za psa
2024-12-05 02:47:22,301 - INFO - Skipping unchanged file: Žádost o vrácení přeplatku za psa
2024-12-05 02:47:22,305 - INFO - Processed 0 files
2024-12-05 02:47:22,305 - INFO - Total data processed: 0.00 B
2024-12-07 00:56:59,124 - INFO - Starting update process
2024-12-07 00:56:59,146 - INFO - Working with existing folder: Psi
2024-12-07 00:57:06,833 - INFO - Found 3 documents
2024-12-07 00:57:06,835 - INFO - Skipping unchanged file: Přihlášení k poplatku za psa
2024-12-07 00:57:10,397 - INFO - Added new file: Odhlášení poplatku za psa
2024-12-07 00:57:13,418 - INFO - Added new file: Žádost o vrácení přeplatku za psa
2024-12-07 00:57:13,421 - INFO - Processed 2 files
2024-12-07 00:57:13,423 - INFO - Total data processed: 128.49 KB
2024-12-09 22:55:58,176 - INFO - Starting update process
2024-12-09 22:55:58,197 - INFO - Working with existing folder: Psi
2024-12-09 22:56:06,898 - INFO - Found 3 documents
2024-12-09 22:56:06,901 - INFO - Skipping unchanged file: Přihlášení k poplatku za psa
2024-12-09 22:56:06,901 - INFO - Skipping unchanged file: Odhlášení poplatku za psa
2024-12-09 22:56:06,901 - INFO - Skipping unchanged file: Žádost o vrácení přeplatku za psa
2024-12-09 22:56:06,904 - INFO - Processed 0 files
2024-12-09 22:56:06,904 - INFO - Total data processed: 0.00 B
2024-12-13 21:39:31,527 - INFO - Starting update process
2024-12-13 21:39:31,542 - INFO - Working with existing folder: Psi
2024-12-13 21:39:40,050 - INFO - Found 3 documents
2024-12-13 21:39:40,052 - INFO - Skipping unchanged file: Přihlášení k poplatku za psa
2024-12-13 21:39:40,052 - INFO - Skipping unchanged file: Odhlášení poplatku za psa
2024-12-13 21:39:40,052 - INFO - Skipping unchanged file: Žádost o vrácení přeplatku za psa
2024-12-13 21:39:40,055 - INFO - Processed 0 files
2024-12-13 21:39:40,055 - INFO - Total data processed: 0.00 B
2024-12-13 21:46:24,303 - INFO - Starting update process
2024-12-13 21:46:24,319 - INFO - Working with existing folder: Psi
2024-12-13 21:46:32,154 - INFO - Found 3 documents
2024-12-13 21:46:32,156 - INFO - Skipping unchanged file: Přihlášení k poplatku za psa
2024-12-13 21:46:32,156 - INFO - Skipping unchanged file: Odhlášení poplatku za psa
2024-12-13 21:46:32,156 - INFO - Skipping unchanged file: Žádost o vrácení přeplatku za psa
2024-12-13 21:46:32,159 - INFO - Processed 0 files
2024-12-13 21:46:32,159 - INFO - Total data processed: 0.00 B
2024-12-13 22:14:29,063 - INFO - Starting update process
2024-12-13 22:14:29,079 - INFO - Working with existing folder: Psi
2024-12-13 22:14:36,845 - INFO - Found 3 documents
2024-12-13 22:14:36,846 - INFO - Skipping unchanged file: Přihlášení k poplatku za psa
2024-12-13 22:14:36,846 - INFO - Skipping unchanged file: Odhlášení poplatku za psa
2024-12-13 22:14:36,846 - INFO - Skipping unchanged file: Žádost o vrácení přeplatku za psa
2024-12-13 22:14:36,850 - INFO - Processed 0 files
2024-12-13 22:14:36,850 - INFO - Total data processed: 0.00 B
2024-12-13 22:18:04,468 - INFO - Starting update process
2024-12-13 22:18:04,483 - INFO - Working with existing folder: Psi
2024-12-13 22:18:08,698 - ERROR - Received content-type header: application/pdf for https://www.orechovubrna.cz/obecni-urad/potrebuji-vyridit/psi/soubory/Přihlášení k poplatku za psa-1368.pdf
2024-12-13 22:18:08,698 - ERROR - Determined MIME type from header: application/pdf for https://www.orechovubrna.cz/obecni-urad/potrebuji-vyridit/psi/soubory/Přihlášení k poplatku za psa-1368.pdf
2024-12-13 22:18:10,610 - ERROR - Received content-type header: application/pdf for https://www.orechovubrna.cz/obecni-urad/potrebuji-vyridit/psi/soubory/Odhlášení poplatku za psa-1367.pdf
2024-12-13 22:18:10,611 - ERROR - Determined MIME type from header: application/pdf for https://www.orechovubrna.cz/obecni-urad/potrebuji-vyridit/psi/soubory/Odhlášení poplatku za psa-1367.pdf
2024-12-13 22:18:12,542 - ERROR - Received content-type header: application/pdf for https://www.orechovubrna.cz/obecni-urad/potrebuji-vyridit/psi/soubory/Žádost o vrácení přeplatku za psa-1369.pdf
2024-12-13 22:18:12,542 - ERROR - Determined MIME type from header: application/pdf for https://www.orechovubrna.cz/obecni-urad/potrebuji-vyridit/psi/soubory/Žádost o vrácení přeplatku za psa-1369.pdf
2024-12-13 22:18:12,543 - INFO - Found 3 documents
2024-12-13 22:18:12,545 - INFO - Skipping unchanged file: Přihlášení k poplatku za psa
2024-12-13 22:18:12,545 - INFO - Skipping unchanged file: Odhlášení poplatku za psa
2024-12-13 22:18:12,545 - INFO - Skipping unchanged file: Žádost o vrácení přeplatku za psa
2024-12-13 22:18:12,553 - INFO - Processed 0 files
2024-12-13 22:18:12,553 - INFO - Total data processed: 0.00 B
